{"numFailedTestSuites":9,"numFailedTests":23,"numPassedTestSuites":22,"numPassedTests":91,"numPendingTestSuites":0,"numPendingTests":0,"numRuntimeErrorTestSuites":2,"numTodoTests":0,"numTotalTestSuites":31,"numTotalTests":114,"openHandles":[],"snapshot":{"added":0,"didUpdate":false,"failure":false,"filesAdded":0,"filesRemoved":0,"filesRemovedList":[],"filesUnmatched":0,"filesUpdated":0,"matched":0,"total":0,"unchecked":0,"uncheckedKeysByFile":[],"unmatched":0,"updated":0},"startTime":1776351636210,"success":false,"testResults":[{"assertionResults":[{"ancestorTitles":["LoginPage"],"duration":191,"failing":false,"failureDetails":[],"failureMessages":[],"fullName":"LoginPage renders login form correctly","invocations":1,"location":null,"numPassingAsserts":5,"retryReasons":[],"startAt":1776351639428,"status":"passed","title":"renders login form correctly"},{"ancestorTitles":["LoginPage"],"duration":96,"failing":false,"failureDetails":[],"failureMessages":[],"fullName":"LoginPage shows validation errors for empty inputs","invocations":1,"location":null,"numPassingAsserts":2,"retryReasons":[],"startAt":1776351639621,"status":"passed","title":"shows validation errors for empty inputs"},{"ancestorTitles":["LoginPage"],"duration":1390,"failing":false,"failureDetails":[{"matcherResult":{"expected":"ROLE_LEARNER","message":"\u001b[2mexpect(\u001b[22m\u001b[31mreceived\u001b[39m\u001b[2m).\u001b[22mtoBe\u001b[2m(\u001b[22m\u001b[32mexpected\u001b[39m\u001b[2m) // Object.is equality\u001b[22m\n\nExpected: \u001b[32m\"ROLE_LEARNER\"\u001b[39m\nReceived: \u001b[31mundefined\u001b[39m","name":"toBe","pass":false}}],"failureMessages":["Error: \u001b[2mexpect(\u001b[22m\u001b[31mreceived\u001b[39m\u001b[2m).\u001b[22mtoBe\u001b[2m(\u001b[22m\u001b[32mexpected\u001b[39m\u001b[2m) // Object.is equality\u001b[22m\n\nExpected: \u001b[32m\"ROLE_LEARNER\"\u001b[39m\nReceived: \u001b[31mundefined\u001b[39m\n\nIgnored nodes: comments, script, style\n\u001b[36m<html\u001b[39m\n  \u001b[33mclass\u001b[39m=\u001b[32m\"theme-light\"\u001b[39m\n  \u001b[33mdata-theme\u001b[39m=\u001b[32m\"light\"\u001b[39m\n  \u001b[33mstyle\u001b[39m=\u001b[32m\"color-scheme: light;\"\u001b[39m\n\u001b[36m>\u001b[39m\n  \u001b[36m<head />\u001b[39m\n  \u001b[36m<body>\u001b[39m\n    \u001b[36m<div>\u001b[39m\n      \u001b[36m<div\u001b[39m\n        \u001b[33mclass\u001b[39m=\u001b[32m\"flex flex-col items-center\"\u001b[39m\n      \u001b[36m>\u001b[39m\n        \u001b[36m<div\u001b[39m\n          \u001b[33mclass\u001b[39m=\u001b[32m\"flex items-center gap-3 mb-4 group transition-all\"\u001b[39m\n        \u001b[36m>\u001b[39m\n          \u001b[36m<img\u001b[39m\n            \u001b[33malt\u001b[39m=\u001b[32m\"SkillSync Logo\"\u001b[39m\n            \u001b[33mclass\u001b[39m=\u001b[32m\"w-12 h-12 object-contain hover:scale-110 transition duration-500\"\u001b[39m\n            \u001b[33msrc\u001b[39m=\u001b[32m\"test-file-stub\"\u001b[39m\n          \u001b[36m/>\u001b[39m\n          \u001b[36m<h1\u001b[39m\n            \u001b[33mclass\u001b[39m=\u001b[32m\"text-4xl font-black tracking-tighter text-on-surface\"\u001b[39m\n          \u001b[36m>\u001b[39m\n            \u001b[0mSkillSync\u001b[0m\n          \u001b[36m</h1>\u001b[39m\n        \u001b[36m</div>\u001b[39m\n        \u001b[36m<p\u001b[39m\n          \u001b[33mclass\u001b[39m=\u001b[32m\"text-sm text-on-surface-variant font-medium mb-8 text-center px-4 max-w-xs\"\u001b[39m\n        \u001b[36m>\u001b[39m\n          \u001b[0mConnecting ambition with expertise, one sync at a time.\u001b[0m\n        \u001b[36m</p>\u001b[39m\n        \u001b[36m<div\u001b[39m\n          \u001b[33mclass\u001b[39m=\u001b[32m\"w-full bg-surface-container-lowest p-8 md:p-10 rounded-xl shadow-sm border border-outline-variant/15 transition-all\"\u001b[39m\n        \u001b[36m>\u001b[39m\n          \u001b[36m<h2\u001b[39m\n            \u001b[33mclass\u001b[39m=\u001b[32m\"text-xl font-bold text-on-surface mb-6\"\u001b[39m\n          \u001b[36m>\u001b[39m\n            \u001b[0mWelcome back\u001b[0m\n          \u001b[36m</h2>\u001b[39m\n          \u001b[36m<form\u001b[39m\n            \u001b[33mclass\u001b[39m=\u001b[32m\"space-y-4\"\u001b[39m\n          \u001b[36m>\u001b[39m\n            \u001b[36m<div>\u001b[39m\n              \u001b[36m<label\u001b[39m\n                \u001b[33mclass\u001b[39m=\u001b[32m\"text-sm font-semibold text-on-surface-variant block mb-1\"\u001b[39m\n              \u001b[36m>\u001b[39m\n                \u001b[0mEmail\u001b[0m\n              \u001b[36m</label>\u001b[39m\n              \u001b[36m<input\u001b[39m\n                \u001b[33mclass\u001b[39m=\u001b[32m\"w-full h-12 px-4 bg-surface-container-low border border-outline-variant/30 rounded-xl focus:ring-1 focus:ring-primary focus:border-primary outline-none transition-all duration-200\"\u001b[39m\n                \u001b[33mname\u001b[39m=\u001b[32m\"email\"\u001b[39m\n                \u001b[33mplaceholder\u001b[39m=\u001b[32m\"name@example.com\"\u001b[39m\n                \u001b[33mtype\u001b[39m=\u001b[32m\"email\"\u001b[39m\n              \u001b[36m/>\u001b[39m\n            \u001b[36m</div>\u001b[39m\n            \u001b[36m<div>\u001b[39m\n              \u001b[36m<div\u001b[39m\n                \u001b[33mclass\u001b[39m=\u001b[32m\"flex justify-between items-center mb-1\"\u001b[39m\n              \u001b[36m>\u001b[39m\n                \u001b[36m<label\u001b[39m\n                  \u001b[33mclass\u001b[39m=\u001b[32m\"text-sm font-semibold text-on-surface-variant\"\u001b[39m\n                \u001b[36m>\u001b[39m\n                  \u001b[0mPassword\u001b[0m\n                \u001b[36m</label>\u001b[39m\n                \u001b[36m<a\u001b[39m\n                  \u001b[33mclass\u001b[39m=\u001b[32m\"text-sm font-bold text-primary hover:underline\"\u001b[39m\n                  \u001b[33mdata-discover\u001b[39m=\u001b[32m\"true\"\u001b[39m\n                  \u001b[33mhref\u001b[39m=\u001b[32m\"/forgot-password\"\u001b[39m\n                \u001b[36m>\u001b[39m\n                  \u001b[0mForgot password?\u001b[0m\n                \u001b[36m</a>\u001b[39m\n              \u001b[36m</div>\u001b[39m\n              \u001b[36m<input\u001b[39m\n                \u001b[33mclass\u001b[39m=\u001b[32m\"w-full h-12 px-4 bg-surface-container-low border border-outline-variant/30 rounded-xl focus:ring-1 focus:ring-primary focus:border-primary outline-none transition-all duration-200\"\u001b[39m\n                \u001b[33mname\u001b[39m=\u001b[32m\"password\"\u001b[39m\n                \u001b[33mplaceholder\u001b[39m=\u001b[32m\"••••••••\"\u001b[39m\n                \u001b[33mtype\u001b[39m=\u001b[32m\"password\"\u001b[39m\n              \u001b[36m/>\u001b[39m\n            \u001b[36m</div>\u001b[39m\n            \u001b[36m<p\u001b[39m\n              \u001b[33mclass\u001b[39m=\u001b[32m\"text-xs text-error mt-2\"\u001b[39m\n            \u001b[36m>\u001b[39m\n              \u001b[0mError connecting to server. Please try again.\u001b[0m\n            \u001b[36m</p>\u001b[39m\n            \u001b[36m<button\u001b[39m\n              \u001b[33mclass\u001b[39m=\u001b[32m\"mt-6 flex items-center justify-center w-full h-12 gradient-btn text-white font-bold rounded-xl shadow-md hover:shadow-xl hover:scale-[1.02] active:scale-[0.98] transition-all duration-500 disabled:opacity-70 disabled:scale-100\"\u001b[39m\n              \u001b[33mtype\u001b[39m=\u001b[32m\"submit\"\u001b[39m\n            \u001b[36m>\u001b[39m\n              \u001b[0mSign In\u001b[0m\n              \u001b[36m<svg\u001b[39m\n                \u001b[33mclass\u001b[39m=\u001b[32m\"w-5 h-5 ml-2\"\u001b[39m\n                \u001b[33mfill\u001b[39m=\u001b[32m\"none\"\u001b[39m\n                \u001b[33mstroke\u001b[39m=\u001b[32m\"currentColor\"\u001b[39m\n                \u001b[33mviewBox\u001b[39m=\u001b[32m\"0 0 24 24\"\u001b[39m\n              \u001b[36m>\u001b[39m\n                \u001b[36m<path\u001b[39m\n                  \u001b[33md\u001b[39m=\u001b[32m\"M14 5l7 7m0 0l-7 7m7-7H3\"\u001b[39m\n                  \u001b[33mstroke-linecap\u001b[39m=\u001b[32m\"round\"\u001b[39m\n                  \u001b[33mstroke-linejoin\u001b[39m=\u001b[32m\"round\"\u001b[39m\n                  \u001b[33mstroke-width\u001b[39m=\u001b[32m\"2\"\u001b[39m\n                \u001b[36m/>\u001b[39m\n              \u001b[36m</svg>\u001b[39m\n            \u001b[36m</button>\u001b[39m\n          \u001b[36m</form>\u001b[39m\n          \u001b[36m<div\u001b[39m\n            \u001b[33mclass\u001b[39m=\u001b[32m\"mt-6 flex items-center justify-center space-x-4\"\u001b[39m\n          \u001b[36m>\u001b[39m\n            \u001b[36m<div\u001b[39m\n              \u001b[33mclass\u001b[39m=\u001b[32m\"flex-1 h-px bg-outline-variant/30\"\u001b[39m\n            \u001b[36m/>\u001b[39m\n            \u001b[36m<span\u001b[39m\n              \u001b[33mclass\u001b[39m=\u001b[32m\"text-xs font-semibold text-on-surface-variant tracking-wider uppercase\"\u001b[39m\n            \u001b[36m>\u001b[39m\n              \u001b[0mOR CONTINUE WITH\u001b[0m\n            \u001b[36m</span>\u001b[39m\n            \u001b[36m<div\u001b[39m\n              \u001b[33mclass\u001b[39m=\u001b[32m\"flex-1 h-px bg-outline-variant/30\"\u001b[39m\n            \u001b[36m/>\u001b[39m\n          \u001b[36m</div>\u001b[39m\n          \u001b[36m<button\u001b[39m\n            \u001b[33mclass\u001b[39m=\u001b[32m\"mt-6 flex items-center justify-center w-full h-12 bg-surface-container-high hover:bg-surface-container-highest text-on-surface font-bold rounded-xl shadow-sm border border-outline-variant/30 transition-all duration-200\"\u001b[39m\n          \u001b[36m>\u001b[39m\n            \u001b[36m<svg\u001b[39m\n              \u001b[33mclass\u001b[39m=\u001b[32m\"w-5 h-5 mr-3\"\u001b[39m\n              \u001b[33mviewBox\u001b[39m=\u001b[32m\"0 0 24 24\"\u001b[39m\n            \u001b[36m>\u001b[39m\n              \u001b[36m<path\u001b[39m\n                \u001b[33md\u001b[39m=\u001b[32m\"M22.56 12.25c0-.78-.07-1.53-.2-2.25H12v4.26h5.92c-.26 1.37-1.04 2.53-2.21 3.31v2.77h3.57c2.08-1.92 3.28-4.74 3.28-8.09z\"\u001b[39m\n                \u001b[33mfill\u001b[39m=\u001b[32m\"#4285F4\"\u001b[39m\n              \u001b[36m/>\u001b[39m\n              \u001b[36m<path\u001b[39m\n                \u001b[33md\u001b[39m=\u001b[32m\"M12 23c2.97 0 5.46-.98 7.28-2.66l-3.57-2.77c-.98.66-2.23 1.06-3.71 1.06-2.86 0-5.29-1.93-6.16-4.53H2.18v2.84C3.99 20.53 7.7 23 12 23z\"\u001b[39m\n                \u001b[33mfill\u001b[39m=\u001b[32m\"#34A853\"\u001b[39m\n              \u001b[36m/>\u001b[39m\n              \u001b[36m<path\u001b[39m\n                \u001b[33md\u001b[39m=\u001b[32m\"M5.84 14.09c-.22-.66-.35-1.36-.35-2.09s.13-1.43.35-2.09V7.07H2.18C1.43 8.55 1 10.22 1 12s.43 3.45 1.18 4.93l2.85-2.22.81-.62z\"\u001b[39m\n                \u001b[33mfill\u001b[39m=\u001b[32m\"#FBBC05\"\u001b[39m\n              \u001b[36m/>\u001b[39m\n              \u001b[36m<path\u001b[39m\n                \u001b[33md\u001b[39m=\u001b[32m\"M12 5.38c1.62 0 3.06.56 4.21 1.64l3.15-3.15C17.45 2.09 14.97 1 12 1 7.7 1 3.99 3.47 2.18 7.07l3.66 2.84c.87-2.6 3.3-4.53 6.16-4.53z\"\u001b[39m\n                \u001b[33mfill\u001b[39m=\u001b[32m\"#EA4335\"\u001b[39m\n              \u001b[36m/>\u001b[39m\n            \u001b[36m</svg>\u001b[39m\n            \u001b[0mGoogle\u001b[0m\n          \u001b[36m</button>\u001b[39m\n          \u001b[36m<p\u001b[39m\n            \u001b[33mclass\u001b[39m=\u001b[32m\"mt-6 text-center text-sm font-semibold text-on-surface-variant\"\u001b[39m\n          \u001b[36m>\u001b[39m\n            \u001b[0mDon't have an account? \u001b[0m\n            \u001b[36m<a\u001b[39m\n              \u001b[33mclass\u001b[39m=\u001b[32m\"text-primary hover:underline\"\u001b[39m\n              \u001b[33mdata-discover\u001b[39m=\u001b[32m\"true\"\u001b[39m\n              \u001b[33mhref\u001b[39m=\u001b[32m\"/register\"\u001b[39m\n            \u001b[36m>\u001b[39m\n              \u001b[0mSign up\u001b[0m\n            \u001b[36m</a>\u001b[39m\n          \u001b[36m</p>\u001b[39m\n        \u001b[36m</div>\u001b[39m\n      \u001b[36m</div>\u001b[39m\n      \u001b[36m<div\u001b[39m\n        \u001b[33mclass\u001b[39m=\u001b[32m\"fixed bottom-6 right-6 px-6 py-3 rounded-xl shadow-lg font-bold text-white z-50 transition-all duration-300 transform translate-y-0 bg-error\"\u001b[39m\n      \u001b[36m>\u001b[39m\n        \u001b[0mInvalid credentials. Please try again.\u001b[0m\n      \u001b[36m</div>\u001b[39m\n    \u001b[36m</div>\u001b[39m\n  \u001b[36m</body>\u001b[39m\n\u001b[36m</html>\u001b[39m\n    at toBe (F:\\SkillSync\\Frontend\\tests\\pages\\auth\\LoginPage.test.tsx:75:48)\n    at callback (F:\\SkillSync\\Frontend\\node_modules\\@testing-library\\dom\\dist\\config.js:47:12)\n    at checkCallback (F:\\SkillSync\\Frontend\\node_modules\\@testing-library\\dom\\dist\\wait-for.js:124:75)\n    at checkCallback (F:\\SkillSync\\Frontend\\node_modules\\@testing-library\\dom\\dist\\wait-for.js:118:16)\n    at Timeout.task [as _onTimeout] (F:\\SkillSync\\Frontend\\node_modules\\jsdom\\lib\\jsdom\\browser\\Window.js:579:19)\n    at listOnTimeout (node:internal/timers:588:17)\n    at processTimers (node:internal/timers:523:7)"],"fullName":"LoginPage handles successful login and navigates based on role (LEARNER)","invocations":1,"location":null,"numPassingAsserts":19,"retryReasons":[],"startAt":1776351639718,"status":"failed","title":"handles successful login and navigates based on role (LEARNER)"},{"ancestorTitles":["LoginPage"],"duration":1276,"failing":false,"failureDetails":[{"matcherResult":{"expected":"ROLE_ADMIN","message":"\u001b[2mexpect(\u001b[22m\u001b[31mreceived\u001b[39m\u001b[2m).\u001b[22mtoBe\u001b[2m(\u001b[22m\u001b[32mexpected\u001b[39m\u001b[2m) // Object.is equality\u001b[22m\n\nExpected: \u001b[32m\"ROLE_ADMIN\"\u001b[39m\nReceived: \u001b[31mundefined\u001b[39m","name":"toBe","pass":false}}],"failureMessages":["Error: \u001b[2mexpect(\u001b[22m\u001b[31mreceived\u001b[39m\u001b[2m).\u001b[22mtoBe\u001b[2m(\u001b[22m\u001b[32mexpected\u001b[39m\u001b[2m) // Object.is equality\u001b[22m\n\nExpected: \u001b[32m\"ROLE_ADMIN\"\u001b[39m\nReceived: \u001b[31mundefined\u001b[39m\n\nIgnored nodes: comments, script, style\n\u001b[36m<html\u001b[39m\n  \u001b[33mclass\u001b[39m=\u001b[32m\"theme-light\"\u001b[39m\n  \u001b[33mdata-theme\u001b[39m=\u001b[32m\"light\"\u001b[39m\n  \u001b[33mstyle\u001b[39m=\u001b[32m\"color-scheme: light;\"\u001b[39m\n\u001b[36m>\u001b[39m\n  \u001b[36m<head />\u001b[39m\n  \u001b[36m<body>\u001b[39m\n    \u001b[36m<div>\u001b[39m\n      \u001b[36m<div\u001b[39m\n        \u001b[33mclass\u001b[39m=\u001b[32m\"flex flex-col items-center\"\u001b[39m\n      \u001b[36m>\u001b[39m\n        \u001b[36m<div\u001b[39m\n          \u001b[33mclass\u001b[39m=\u001b[32m\"flex items-center gap-3 mb-4 group transition-all\"\u001b[39m\n        \u001b[36m>\u001b[39m\n          \u001b[36m<img\u001b[39m\n            \u001b[33malt\u001b[39m=\u001b[32m\"SkillSync Logo\"\u001b[39m\n            \u001b[33mclass\u001b[39m=\u001b[32m\"w-12 h-12 object-contain hover:scale-110 transition duration-500\"\u001b[39m\n            \u001b[33msrc\u001b[39m=\u001b[32m\"test-file-stub\"\u001b[39m\n          \u001b[36m/>\u001b[39m\n          \u001b[36m<h1\u001b[39m\n            \u001b[33mclass\u001b[39m=\u001b[32m\"text-4xl font-black tracking-tighter text-on-surface\"\u001b[39m\n          \u001b[36m>\u001b[39m\n            \u001b[0mSkillSync\u001b[0m\n          \u001b[36m</h1>\u001b[39m\n        \u001b[36m</div>\u001b[39m\n        \u001b[36m<p\u001b[39m\n          \u001b[33mclass\u001b[39m=\u001b[32m\"text-sm text-on-surface-variant font-medium mb-8 text-center px-4 max-w-xs\"\u001b[39m\n        \u001b[36m>\u001b[39m\n          \u001b[0mConnecting ambition with expertise, one sync at a time.\u001b[0m\n        \u001b[36m</p>\u001b[39m\n        \u001b[36m<div\u001b[39m\n          \u001b[33mclass\u001b[39m=\u001b[32m\"w-full bg-surface-container-lowest p-8 md:p-10 rounded-xl shadow-sm border border-outline-variant/15 transition-all\"\u001b[39m\n        \u001b[36m>\u001b[39m\n          \u001b[36m<h2\u001b[39m\n            \u001b[33mclass\u001b[39m=\u001b[32m\"text-xl font-bold text-on-surface mb-6\"\u001b[39m\n          \u001b[36m>\u001b[39m\n            \u001b[0mWelcome back\u001b[0m\n          \u001b[36m</h2>\u001b[39m\n          \u001b[36m<form\u001b[39m\n            \u001b[33mclass\u001b[39m=\u001b[32m\"space-y-4\"\u001b[39m\n          \u001b[36m>\u001b[39m\n            \u001b[36m<div>\u001b[39m\n              \u001b[36m<label\u001b[39m\n                \u001b[33mclass\u001b[39m=\u001b[32m\"text-sm font-semibold text-on-surface-variant block mb-1\"\u001b[39m\n              \u001b[36m>\u001b[39m\n                \u001b[0mEmail\u001b[0m\n              \u001b[36m</label>\u001b[39m\n              \u001b[36m<input\u001b[39m\n                \u001b[33mclass\u001b[39m=\u001b[32m\"w-full h-12 px-4 bg-surface-container-low border border-outline-variant/30 rounded-xl focus:ring-1 focus:ring-primary focus:border-primary outline-none transition-all duration-200\"\u001b[39m\n                \u001b[33mname\u001b[39m=\u001b[32m\"email\"\u001b[39m\n                \u001b[33mplaceholder\u001b[39m=\u001b[32m\"name@example.com\"\u001b[39m\n                \u001b[33mtype\u001b[39m=\u001b[32m\"email\"\u001b[39m\n              \u001b[36m/>\u001b[39m\n            \u001b[36m</div>\u001b[39m\n            \u001b[36m<div>\u001b[39m\n              \u001b[36m<div\u001b[39m\n                \u001b[33mclass\u001b[39m=\u001b[32m\"flex justify-between items-center mb-1\"\u001b[39m\n              \u001b[36m>\u001b[39m\n                \u001b[36m<label\u001b[39m\n                  \u001b[33mclass\u001b[39m=\u001b[32m\"text-sm font-semibold text-on-surface-variant\"\u001b[39m\n                \u001b[36m>\u001b[39m\n                  \u001b[0mPassword\u001b[0m\n                \u001b[36m</label>\u001b[39m\n                \u001b[36m<a\u001b[39m\n                  \u001b[33mclass\u001b[39m=\u001b[32m\"text-sm font-bold text-primary hover:underline\"\u001b[39m\n                  \u001b[33mdata-discover\u001b[39m=\u001b[32m\"true\"\u001b[39m\n                  \u001b[33mhref\u001b[39m=\u001b[32m\"/forgot-password\"\u001b[39m\n                \u001b[36m>\u001b[39m\n                  \u001b[0mForgot password?\u001b[0m\n                \u001b[36m</a>\u001b[39m\n              \u001b[36m</div>\u001b[39m\n              \u001b[36m<input\u001b[39m\n                \u001b[33mclass\u001b[39m=\u001b[32m\"w-full h-12 px-4 bg-surface-container-low border border-outline-variant/30 rounded-xl focus:ring-1 focus:ring-primary focus:border-primary outline-none transition-all duration-200\"\u001b[39m\n                \u001b[33mname\u001b[39m=\u001b[32m\"password\"\u001b[39m\n                \u001b[33mplaceholder\u001b[39m=\u001b[32m\"••••••••\"\u001b[39m\n                \u001b[33mtype\u001b[39m=\u001b[32m\"password\"\u001b[39m\n              \u001b[36m/>\u001b[39m\n            \u001b[36m</div>\u001b[39m\n            \u001b[36m<p\u001b[39m\n              \u001b[33mclass\u001b[39m=\u001b[32m\"text-xs text-error mt-2\"\u001b[39m\n            \u001b[36m>\u001b[39m\n              \u001b[0mError connecting to server. Please try again.\u001b[0m\n            \u001b[36m</p>\u001b[39m\n            \u001b[36m<button\u001b[39m\n              \u001b[33mclass\u001b[39m=\u001b[32m\"mt-6 flex items-center justify-center w-full h-12 gradient-btn text-white font-bold rounded-xl shadow-md hover:shadow-xl hover:scale-[1.02] active:scale-[0.98] transition-all duration-500 disabled:opacity-70 disabled:scale-100\"\u001b[39m\n              \u001b[33mtype\u001b[39m=\u001b[32m\"submit\"\u001b[39m\n            \u001b[36m>\u001b[39m\n              \u001b[0mSign In\u001b[0m\n              \u001b[36m<svg\u001b[39m\n                \u001b[33mclass\u001b[39m=\u001b[32m\"w-5 h-5 ml-2\"\u001b[39m\n                \u001b[33mfill\u001b[39m=\u001b[32m\"none\"\u001b[39m\n                \u001b[33mstroke\u001b[39m=\u001b[32m\"currentColor\"\u001b[39m\n                \u001b[33mviewBox\u001b[39m=\u001b[32m\"0 0 24 24\"\u001b[39m\n              \u001b[36m>\u001b[39m\n                \u001b[36m<path\u001b[39m\n                  \u001b[33md\u001b[39m=\u001b[32m\"M14 5l7 7m0 0l-7 7m7-7H3\"\u001b[39m\n                  \u001b[33mstroke-linecap\u001b[39m=\u001b[32m\"round\"\u001b[39m\n                  \u001b[33mstroke-linejoin\u001b[39m=\u001b[32m\"round\"\u001b[39m\n                  \u001b[33mstroke-width\u001b[39m=\u001b[32m\"2\"\u001b[39m\n                \u001b[36m/>\u001b[39m\n              \u001b[36m</svg>\u001b[39m\n            \u001b[36m</button>\u001b[39m\n          \u001b[36m</form>\u001b[39m\n          \u001b[36m<div\u001b[39m\n            \u001b[33mclass\u001b[39m=\u001b[32m\"mt-6 flex items-center justify-center space-x-4\"\u001b[39m\n          \u001b[36m>\u001b[39m\n            \u001b[36m<div\u001b[39m\n              \u001b[33mclass\u001b[39m=\u001b[32m\"flex-1 h-px bg-outline-variant/30\"\u001b[39m\n            \u001b[36m/>\u001b[39m\n            \u001b[36m<span\u001b[39m\n              \u001b[33mclass\u001b[39m=\u001b[32m\"text-xs font-semibold text-on-surface-variant tracking-wider uppercase\"\u001b[39m\n            \u001b[36m>\u001b[39m\n              \u001b[0mOR CONTINUE WITH\u001b[0m\n            \u001b[36m</span>\u001b[39m\n            \u001b[36m<div\u001b[39m\n              \u001b[33mclass\u001b[39m=\u001b[32m\"flex-1 h-px bg-outline-variant/30\"\u001b[39m\n            \u001b[36m/>\u001b[39m\n          \u001b[36m</div>\u001b[39m\n          \u001b[36m<button\u001b[39m\n            \u001b[33mclass\u001b[39m=\u001b[32m\"mt-6 flex items-center justify-center w-full h-12 bg-surface-container-high hover:bg-surface-container-highest text-on-surface font-bold rounded-xl shadow-sm border border-outline-variant/30 transition-all duration-200\"\u001b[39m\n          \u001b[36m>\u001b[39m\n            \u001b[36m<svg\u001b[39m\n              \u001b[33mclass\u001b[39m=\u001b[32m\"w-5 h-5 mr-3\"\u001b[39m\n              \u001b[33mviewBox\u001b[39m=\u001b[32m\"0 0 24 24\"\u001b[39m\n            \u001b[36m>\u001b[39m\n              \u001b[36m<path\u001b[39m\n                \u001b[33md\u001b[39m=\u001b[32m\"M22.56 12.25c0-.78-.07-1.53-.2-2.25H12v4.26h5.92c-.26 1.37-1.04 2.53-2.21 3.31v2.77h3.57c2.08-1.92 3.28-4.74 3.28-8.09z\"\u001b[39m\n                \u001b[33mfill\u001b[39m=\u001b[32m\"#4285F4\"\u001b[39m\n              \u001b[36m/>\u001b[39m\n              \u001b[36m<path\u001b[39m\n                \u001b[33md\u001b[39m=\u001b[32m\"M12 23c2.97 0 5.46-.98 7.28-2.66l-3.57-2.77c-.98.66-2.23 1.06-3.71 1.06-2.86 0-5.29-1.93-6.16-4.53H2.18v2.84C3.99 20.53 7.7 23 12 23z\"\u001b[39m\n                \u001b[33mfill\u001b[39m=\u001b[32m\"#34A853\"\u001b[39m\n              \u001b[36m/>\u001b[39m\n              \u001b[36m<path\u001b[39m\n                \u001b[33md\u001b[39m=\u001b[32m\"M5.84 14.09c-.22-.66-.35-1.36-.35-2.09s.13-1.43.35-2.09V7.07H2.18C1.43 8.55 1 10.22 1 12s.43 3.45 1.18 4.93l2.85-2.22.81-.62z\"\u001b[39m\n                \u001b[33mfill\u001b[39m=\u001b[32m\"#FBBC05\"\u001b[39m\n              \u001b[36m/>\u001b[39m\n              \u001b[36m<path\u001b[39m\n                \u001b[33md\u001b[39m=\u001b[32m\"M12 5.38c1.62 0 3.06.56 4.21 1.64l3.15-3.15C17.45 2.09 14.97 1 12 1 7.7 1 3.99 3.47 2.18 7.07l3.66 2.84c.87-2.6 3.3-4.53 6.16-4.53z\"\u001b[39m\n                \u001b[33mfill\u001b[39m=\u001b[32m\"#EA4335\"\u001b[39m\n              \u001b[36m/>\u001b[39m\n            \u001b[36m</svg>\u001b[39m\n            \u001b[0mGoogle\u001b[0m\n          \u001b[36m</button>\u001b[39m\n          \u001b[36m<p\u001b[39m\n            \u001b[33mclass\u001b[39m=\u001b[32m\"mt-6 text-center text-sm font-semibold text-on-surface-variant\"\u001b[39m\n          \u001b[36m>\u001b[39m\n            \u001b[0mDon't have an account? \u001b[0m\n            \u001b[36m<a\u001b[39m\n              \u001b[33mclass\u001b[39m=\u001b[32m\"text-primary hover:underline\"\u001b[39m\n              \u001b[33mdata-discover\u001b[39m=\u001b[32m\"true\"\u001b[39m\n              \u001b[33mhref\u001b[39m=\u001b[32m\"/register\"\u001b[39m\n            \u001b[36m>\u001b[39m\n              \u001b[0mSign up\u001b[0m\n            \u001b[36m</a>\u001b[39m\n          \u001b[36m</p>\u001b[39m\n        \u001b[36m</div>\u001b[39m\n      \u001b[36m</div>\u001b[39m\n      \u001b[36m<div\u001b[39m\n        \u001b[33mclass\u001b[39m=\u001b[32m\"fixed bottom-6 right-6 px-6 py-3 rounded-xl shadow-lg font-bold text-white z-50 transition-all duration-300 transform translate-y-0 bg-error\"\u001b[39m\n      \u001b[36m>\u001b[39m\n        \u001b[0mInvalid credentials. Please try again.\u001b[0m\n      \u001b[36m</div>\u001b[39m\n    \u001b[36m</div>\u001b[39m\n  \u001b[36m</body>\u001b[39m\n\u001b[36m</html>\u001b[39m\n    at toBe (F:\\SkillSync\\Frontend\\tests\\pages\\auth\\LoginPage.test.tsx:96:48)\n    at callback (F:\\SkillSync\\Frontend\\node_modules\\@testing-library\\dom\\dist\\config.js:47:12)\n    at checkCallback (F:\\SkillSync\\Frontend\\node_modules\\@testing-library\\dom\\dist\\wait-for.js:124:75)\n    at checkCallback (F:\\SkillSync\\Frontend\\node_modules\\@testing-library\\dom\\dist\\wait-for.js:118:16)\n    at Timeout.task [as _onTimeout] (F:\\SkillSync\\Frontend\\node_modules\\jsdom\\lib\\jsdom\\browser\\Window.js:579:19)\n    at listOnTimeout (node:internal/timers:588:17)\n    at processTimers (node:internal/timers:523:7)"],"fullName":"LoginPage handles successful login and navigates based on role (ADMIN)","invocations":1,"location":null,"numPassingAsserts":19,"retryReasons":[],"startAt":1776351641115,"status":"failed","title":"handles successful login and navigates based on role (ADMIN)"},{"ancestorTitles":["LoginPage"],"duration":1269,"failing":false,"failureDetails":[{"matcherResult":{"expected":"ROLE_MENTOR","message":"\u001b[2mexpect(\u001b[22m\u001b[31mreceived\u001b[39m\u001b[2m).\u001b[22mtoBe\u001b[2m(\u001b[22m\u001b[32mexpected\u001b[39m\u001b[2m) // Object.is equality\u001b[22m\n\nExpected: \u001b[32m\"ROLE_MENTOR\"\u001b[39m\nReceived: \u001b[31mundefined\u001b[39m","name":"toBe","pass":false}}],"failureMessages":["Error: \u001b[2mexpect(\u001b[22m\u001b[31mreceived\u001b[39m\u001b[2m).\u001b[22mtoBe\u001b[2m(\u001b[22m\u001b[32mexpected\u001b[39m\u001b[2m) // Object.is equality\u001b[22m\n\nExpected: \u001b[32m\"ROLE_MENTOR\"\u001b[39m\nReceived: \u001b[31mundefined\u001b[39m\n\nIgnored nodes: comments, script, style\n\u001b[36m<html\u001b[39m\n  \u001b[33mclass\u001b[39m=\u001b[32m\"theme-light\"\u001b[39m\n  \u001b[33mdata-theme\u001b[39m=\u001b[32m\"light\"\u001b[39m\n  \u001b[33mstyle\u001b[39m=\u001b[32m\"color-scheme: light;\"\u001b[39m\n\u001b[36m>\u001b[39m\n  \u001b[36m<head />\u001b[39m\n  \u001b[36m<body>\u001b[39m\n    \u001b[36m<div>\u001b[39m\n      \u001b[36m<div\u001b[39m\n        \u001b[33mclass\u001b[39m=\u001b[32m\"flex flex-col items-center\"\u001b[39m\n      \u001b[36m>\u001b[39m\n        \u001b[36m<div\u001b[39m\n          \u001b[33mclass\u001b[39m=\u001b[32m\"flex items-center gap-3 mb-4 group transition-all\"\u001b[39m\n        \u001b[36m>\u001b[39m\n          \u001b[36m<img\u001b[39m\n            \u001b[33malt\u001b[39m=\u001b[32m\"SkillSync Logo\"\u001b[39m\n            \u001b[33mclass\u001b[39m=\u001b[32m\"w-12 h-12 object-contain hover:scale-110 transition duration-500\"\u001b[39m\n            \u001b[33msrc\u001b[39m=\u001b[32m\"test-file-stub\"\u001b[39m\n          \u001b[36m/>\u001b[39m\n          \u001b[36m<h1\u001b[39m\n            \u001b[33mclass\u001b[39m=\u001b[32m\"text-4xl font-black tracking-tighter text-on-surface\"\u001b[39m\n          \u001b[36m>\u001b[39m\n            \u001b[0mSkillSync\u001b[0m\n          \u001b[36m</h1>\u001b[39m\n        \u001b[36m</div>\u001b[39m\n        \u001b[36m<p\u001b[39m\n          \u001b[33mclass\u001b[39m=\u001b[32m\"text-sm text-on-surface-variant font-medium mb-8 text-center px-4 max-w-xs\"\u001b[39m\n        \u001b[36m>\u001b[39m\n          \u001b[0mConnecting ambition with expertise, one sync at a time.\u001b[0m\n        \u001b[36m</p>\u001b[39m\n        \u001b[36m<div\u001b[39m\n          \u001b[33mclass\u001b[39m=\u001b[32m\"w-full bg-surface-container-lowest p-8 md:p-10 rounded-xl shadow-sm border border-outline-variant/15 transition-all\"\u001b[39m\n        \u001b[36m>\u001b[39m\n          \u001b[36m<h2\u001b[39m\n            \u001b[33mclass\u001b[39m=\u001b[32m\"text-xl font-bold text-on-surface mb-6\"\u001b[39m\n          \u001b[36m>\u001b[39m\n            \u001b[0mWelcome back\u001b[0m\n          \u001b[36m</h2>\u001b[39m\n          \u001b[36m<form\u001b[39m\n            \u001b[33mclass\u001b[39m=\u001b[32m\"space-y-4\"\u001b[39m\n          \u001b[36m>\u001b[39m\n            \u001b[36m<div>\u001b[39m\n              \u001b[36m<label\u001b[39m\n                \u001b[33mclass\u001b[39m=\u001b[32m\"text-sm font-semibold text-on-surface-variant block mb-1\"\u001b[39m\n              \u001b[36m>\u001b[39m\n                \u001b[0mEmail\u001b[0m\n              \u001b[36m</label>\u001b[39m\n              \u001b[36m<input\u001b[39m\n                \u001b[33mclass\u001b[39m=\u001b[32m\"w-full h-12 px-4 bg-surface-container-low border border-outline-variant/30 rounded-xl focus:ring-1 focus:ring-primary focus:border-primary outline-none transition-all duration-200\"\u001b[39m\n                \u001b[33mname\u001b[39m=\u001b[32m\"email\"\u001b[39m\n                \u001b[33mplaceholder\u001b[39m=\u001b[32m\"name@example.com\"\u001b[39m\n                \u001b[33mtype\u001b[39m=\u001b[32m\"email\"\u001b[39m\n              \u001b[36m/>\u001b[39m\n            \u001b[36m</div>\u001b[39m\n            \u001b[36m<div>\u001b[39m\n              \u001b[36m<div\u001b[39m\n                \u001b[33mclass\u001b[39m=\u001b[32m\"flex justify-between items-center mb-1\"\u001b[39m\n              \u001b[36m>\u001b[39m\n                \u001b[36m<label\u001b[39m\n                  \u001b[33mclass\u001b[39m=\u001b[32m\"text-sm font-semibold text-on-surface-variant\"\u001b[39m\n                \u001b[36m>\u001b[39m\n                  \u001b[0mPassword\u001b[0m\n                \u001b[36m</label>\u001b[39m\n                \u001b[36m<a\u001b[39m\n                  \u001b[33mclass\u001b[39m=\u001b[32m\"text-sm font-bold text-primary hover:underline\"\u001b[39m\n                  \u001b[33mdata-discover\u001b[39m=\u001b[32m\"true\"\u001b[39m\n                  \u001b[33mhref\u001b[39m=\u001b[32m\"/forgot-password\"\u001b[39m\n                \u001b[36m>\u001b[39m\n                  \u001b[0mForgot password?\u001b[0m\n                \u001b[36m</a>\u001b[39m\n              \u001b[36m</div>\u001b[39m\n              \u001b[36m<input\u001b[39m\n                \u001b[33mclass\u001b[39m=\u001b[32m\"w-full h-12 px-4 bg-surface-container-low border border-outline-variant/30 rounded-xl focus:ring-1 focus:ring-primary focus:border-primary outline-none transition-all duration-200\"\u001b[39m\n                \u001b[33mname\u001b[39m=\u001b[32m\"password\"\u001b[39m\n                \u001b[33mplaceholder\u001b[39m=\u001b[32m\"••••••••\"\u001b[39m\n                \u001b[33mtype\u001b[39m=\u001b[32m\"password\"\u001b[39m\n              \u001b[36m/>\u001b[39m\n            \u001b[36m</div>\u001b[39m\n            \u001b[36m<p\u001b[39m\n              \u001b[33mclass\u001b[39m=\u001b[32m\"text-xs text-error mt-2\"\u001b[39m\n            \u001b[36m>\u001b[39m\n              \u001b[0mError connecting to server. Please try again.\u001b[0m\n            \u001b[36m</p>\u001b[39m\n            \u001b[36m<button\u001b[39m\n              \u001b[33mclass\u001b[39m=\u001b[32m\"mt-6 flex items-center justify-center w-full h-12 gradient-btn text-white font-bold rounded-xl shadow-md hover:shadow-xl hover:scale-[1.02] active:scale-[0.98] transition-all duration-500 disabled:opacity-70 disabled:scale-100\"\u001b[39m\n              \u001b[33mtype\u001b[39m=\u001b[32m\"submit\"\u001b[39m\n            \u001b[36m>\u001b[39m\n              \u001b[0mSign In\u001b[0m\n              \u001b[36m<svg\u001b[39m\n                \u001b[33mclass\u001b[39m=\u001b[32m\"w-5 h-5 ml-2\"\u001b[39m\n                \u001b[33mfill\u001b[39m=\u001b[32m\"none\"\u001b[39m\n                \u001b[33mstroke\u001b[39m=\u001b[32m\"currentColor\"\u001b[39m\n                \u001b[33mviewBox\u001b[39m=\u001b[32m\"0 0 24 24\"\u001b[39m\n              \u001b[36m>\u001b[39m\n                \u001b[36m<path\u001b[39m\n                  \u001b[33md\u001b[39m=\u001b[32m\"M14 5l7 7m0 0l-7 7m7-7H3\"\u001b[39m\n                  \u001b[33mstroke-linecap\u001b[39m=\u001b[32m\"round\"\u001b[39m\n                  \u001b[33mstroke-linejoin\u001b[39m=\u001b[32m\"round\"\u001b[39m\n                  \u001b[33mstroke-width\u001b[39m=\u001b[32m\"2\"\u001b[39m\n                \u001b[36m/>\u001b[39m\n              \u001b[36m</svg>\u001b[39m\n            \u001b[36m</button>\u001b[39m\n          \u001b[36m</form>\u001b[39m\n          \u001b[36m<div\u001b[39m\n            \u001b[33mclass\u001b[39m=\u001b[32m\"mt-6 flex items-center justify-center space-x-4\"\u001b[39m\n          \u001b[36m>\u001b[39m\n            \u001b[36m<div\u001b[39m\n              \u001b[33mclass\u001b[39m=\u001b[32m\"flex-1 h-px bg-outline-variant/30\"\u001b[39m\n            \u001b[36m/>\u001b[39m\n            \u001b[36m<span\u001b[39m\n              \u001b[33mclass\u001b[39m=\u001b[32m\"text-xs font-semibold text-on-surface-variant tracking-wider uppercase\"\u001b[39m\n            \u001b[36m>\u001b[39m\n              \u001b[0mOR CONTINUE WITH\u001b[0m\n            \u001b[36m</span>\u001b[39m\n            \u001b[36m<div\u001b[39m\n              \u001b[33mclass\u001b[39m=\u001b[32m\"flex-1 h-px bg-outline-variant/30\"\u001b[39m\n            \u001b[36m/>\u001b[39m\n          \u001b[36m</div>\u001b[39m\n          \u001b[36m<button\u001b[39m\n            \u001b[33mclass\u001b[39m=\u001b[32m\"mt-6 flex items-center justify-center w-full h-12 bg-surface-container-high hover:bg-surface-container-highest text-on-surface font-bold rounded-xl shadow-sm border border-outline-variant/30 transition-all duration-200\"\u001b[39m\n          \u001b[36m>\u001b[39m\n            \u001b[36m<svg\u001b[39m\n              \u001b[33mclass\u001b[39m=\u001b[32m\"w-5 h-5 mr-3\"\u001b[39m\n              \u001b[33mviewBox\u001b[39m=\u001b[32m\"0 0 24 24\"\u001b[39m\n            \u001b[36m>\u001b[39m\n              \u001b[36m<path\u001b[39m\n                \u001b[33md\u001b[39m=\u001b[32m\"M22.56 12.25c0-.78-.07-1.53-.2-2.25H12v4.26h5.92c-.26 1.37-1.04 2.53-2.21 3.31v2.77h3.57c2.08-1.92 3.28-4.74 3.28-8.09z\"\u001b[39m\n                \u001b[33mfill\u001b[39m=\u001b[32m\"#4285F4\"\u001b[39m\n              \u001b[36m/>\u001b[39m\n              \u001b[36m<path\u001b[39m\n                \u001b[33md\u001b[39m=\u001b[32m\"M12 23c2.97 0 5.46-.98 7.28-2.66l-3.57-2.77c-.98.66-2.23 1.06-3.71 1.06-2.86 0-5.29-1.93-6.16-4.53H2.18v2.84C3.99 20.53 7.7 23 12 23z\"\u001b[39m\n                \u001b[33mfill\u001b[39m=\u001b[32m\"#34A853\"\u001b[39m\n              \u001b[36m/>\u001b[39m\n              \u001b[36m<path\u001b[39m\n                \u001b[33md\u001b[39m=\u001b[32m\"M5.84 14.09c-.22-.66-.35-1.36-.35-2.09s.13-1.43.35-2.09V7.07H2.18C1.43 8.55 1 10.22 1 12s.43 3.45 1.18 4.93l2.85-2.22.81-.62z\"\u001b[39m\n                \u001b[33mfill\u001b[39m=\u001b[32m\"#FBBC05\"\u001b[39m\n              \u001b[36m/>\u001b[39m\n              \u001b[36m<path\u001b[39m\n                \u001b[33md\u001b[39m=\u001b[32m\"M12 5.38c1.62 0 3.06.56 4.21 1.64l3.15-3.15C17.45 2.09 14.97 1 12 1 7.7 1 3.99 3.47 2.18 7.07l3.66 2.84c.87-2.6 3.3-4.53 6.16-4.53z\"\u001b[39m\n                \u001b[33mfill\u001b[39m=\u001b[32m\"#EA4335\"\u001b[39m\n              \u001b[36m/>\u001b[39m\n            \u001b[36m</svg>\u001b[39m\n            \u001b[0mGoogle\u001b[0m\n          \u001b[36m</button>\u001b[39m\n          \u001b[36m<p\u001b[39m\n            \u001b[33mclass\u001b[39m=\u001b[32m\"mt-6 text-center text-sm font-semibold text-on-surface-variant\"\u001b[39m\n          \u001b[36m>\u001b[39m\n            \u001b[0mDon't have an account? \u001b[0m\n            \u001b[36m<a\u001b[39m\n              \u001b[33mclass\u001b[39m=\u001b[32m\"text-primary hover:underline\"\u001b[39m\n              \u001b[33mdata-discover\u001b[39m=\u001b[32m\"true\"\u001b[39m\n              \u001b[33mhref\u001b[39m=\u001b[32m\"/register\"\u001b[39m\n            \u001b[36m>\u001b[39m\n              \u001b[0mSign up\u001b[0m\n            \u001b[36m</a>\u001b[39m\n          \u001b[36m</p>\u001b[39m\n        \u001b[36m</div>\u001b[39m\n      \u001b[36m</div>\u001b[39m\n      \u001b[36m<div\u001b[39m\n        \u001b[33mclass\u001b[39m=\u001b[32m\"fixed bottom-6 right-6 px-6 py-3 rounded-xl shadow-lg font-bold text-white z-50 transition-all duration-300 transform translate-y-0 bg-error\"\u001b[39m\n      \u001b[36m>\u001b[39m\n        \u001b[0mInvalid credentials. Please try again.\u001b[0m\n      \u001b[36m</div>\u001b[39m\n    \u001b[36m</div>\u001b[39m\n  \u001b[36m</body>\u001b[39m\n\u001b[36m</html>\u001b[39m\n    at toBe (F:\\SkillSync\\Frontend\\tests\\pages\\auth\\LoginPage.test.tsx:117:48)\n    at callback (F:\\SkillSync\\Frontend\\node_modules\\@testing-library\\dom\\dist\\config.js:47:12)\n    at checkCallback (F:\\SkillSync\\Frontend\\node_modules\\@testing-library\\dom\\dist\\wait-for.js:124:75)\n    at checkCallback (F:\\SkillSync\\Frontend\\node_modules\\@testing-library\\dom\\dist\\wait-for.js:118:16)\n    at Timeout.task [as _onTimeout] (F:\\SkillSync\\Frontend\\node_modules\\jsdom\\lib\\jsdom\\browser\\Window.js:579:19)\n    at listOnTimeout (node:internal/timers:588:17)\n    at processTimers (node:internal/timers:523:7)"],"fullName":"LoginPage handles successful login and navigates based on role (MENTOR)","invocations":1,"location":null,"numPassingAsserts":19,"retryReasons":[],"startAt":1776351642392,"status":"failed","title":"handles successful login and navigates based on role (MENTOR)"},{"ancestorTitles":["LoginPage"],"duration":281,"failing":false,"failureDetails":[],"failureMessages":[],"fullName":"LoginPage shows error message on invalid credentials","invocations":1,"location":null,"numPassingAsserts":1,"retryReasons":[],"startAt":1776351643662,"status":"passed","title":"shows error message on invalid credentials"},{"ancestorTitles":["LoginPage"],"duration":1057,"failing":false,"failureDetails":[{"matcherResult":{"expected":"GoogleUser","message":"\u001b[2mexpect(\u001b[22m\u001b[31mreceived\u001b[39m\u001b[2m).\u001b[22mtoBe\u001b[2m(\u001b[22m\u001b[32mexpected\u001b[39m\u001b[2m) // Object.is equality\u001b[22m\n\nExpected: \u001b[32m\"GoogleUser\"\u001b[39m\nReceived: \u001b[31mundefined\u001b[39m","name":"toBe","pass":false}}],"failureMessages":["Error: \u001b[2mexpect(\u001b[22m\u001b[31mreceived\u001b[39m\u001b[2m).\u001b[22mtoBe\u001b[2m(\u001b[22m\u001b[32mexpected\u001b[39m\u001b[2m) // Object.is equality\u001b[22m\n\nExpected: \u001b[32m\"GoogleUser\"\u001b[39m\nReceived: \u001b[31mundefined\u001b[39m\n\nIgnored nodes: comments, script, style\n\u001b[36m<html\u001b[39m\n  \u001b[33mclass\u001b[39m=\u001b[32m\"theme-light\"\u001b[39m\n  \u001b[33mdata-theme\u001b[39m=\u001b[32m\"light\"\u001b[39m\n  \u001b[33mstyle\u001b[39m=\u001b[32m\"color-scheme: light;\"\u001b[39m\n\u001b[36m>\u001b[39m\n  \u001b[36m<head />\u001b[39m\n  \u001b[36m<body>\u001b[39m\n    \u001b[36m<div>\u001b[39m\n      \u001b[36m<div\u001b[39m\n        \u001b[33mclass\u001b[39m=\u001b[32m\"flex flex-col items-center\"\u001b[39m\n      \u001b[36m>\u001b[39m\n        \u001b[36m<div\u001b[39m\n          \u001b[33mclass\u001b[39m=\u001b[32m\"flex items-center gap-3 mb-4 group transition-all\"\u001b[39m\n        \u001b[36m>\u001b[39m\n          \u001b[36m<img\u001b[39m\n            \u001b[33malt\u001b[39m=\u001b[32m\"SkillSync Logo\"\u001b[39m\n            \u001b[33mclass\u001b[39m=\u001b[32m\"w-12 h-12 object-contain hover:scale-110 transition duration-500\"\u001b[39m\n            \u001b[33msrc\u001b[39m=\u001b[32m\"test-file-stub\"\u001b[39m\n          \u001b[36m/>\u001b[39m\n          \u001b[36m<h1\u001b[39m\n            \u001b[33mclass\u001b[39m=\u001b[32m\"text-4xl font-black tracking-tighter text-on-surface\"\u001b[39m\n          \u001b[36m>\u001b[39m\n            \u001b[0mSkillSync\u001b[0m\n          \u001b[36m</h1>\u001b[39m\n        \u001b[36m</div>\u001b[39m\n        \u001b[36m<p\u001b[39m\n          \u001b[33mclass\u001b[39m=\u001b[32m\"text-sm text-on-surface-variant font-medium mb-8 text-center px-4 max-w-xs\"\u001b[39m\n        \u001b[36m>\u001b[39m\n          \u001b[0mConnecting ambition with expertise, one sync at a time.\u001b[0m\n        \u001b[36m</p>\u001b[39m\n        \u001b[36m<div\u001b[39m\n          \u001b[33mclass\u001b[39m=\u001b[32m\"w-full bg-surface-container-lowest p-8 md:p-10 rounded-xl shadow-sm border border-outline-variant/15 transition-all\"\u001b[39m\n        \u001b[36m>\u001b[39m\n          \u001b[36m<h2\u001b[39m\n            \u001b[33mclass\u001b[39m=\u001b[32m\"text-xl font-bold text-on-surface mb-6\"\u001b[39m\n          \u001b[36m>\u001b[39m\n            \u001b[0mWelcome back\u001b[0m\n          \u001b[36m</h2>\u001b[39m\n          \u001b[36m<form\u001b[39m\n            \u001b[33mclass\u001b[39m=\u001b[32m\"space-y-4\"\u001b[39m\n          \u001b[36m>\u001b[39m\n            \u001b[36m<div>\u001b[39m\n              \u001b[36m<label\u001b[39m\n                \u001b[33mclass\u001b[39m=\u001b[32m\"text-sm font-semibold text-on-surface-variant block mb-1\"\u001b[39m\n              \u001b[36m>\u001b[39m\n                \u001b[0mEmail\u001b[0m\n              \u001b[36m</label>\u001b[39m\n              \u001b[36m<input\u001b[39m\n                \u001b[33mclass\u001b[39m=\u001b[32m\"w-full h-12 px-4 bg-surface-container-low border border-outline-variant/30 rounded-xl focus:ring-1 focus:ring-primary focus:border-primary outline-none transition-all duration-200\"\u001b[39m\n                \u001b[33mname\u001b[39m=\u001b[32m\"email\"\u001b[39m\n                \u001b[33mplaceholder\u001b[39m=\u001b[32m\"name@example.com\"\u001b[39m\n                \u001b[33mtype\u001b[39m=\u001b[32m\"email\"\u001b[39m\n              \u001b[36m/>\u001b[39m\n            \u001b[36m</div>\u001b[39m\n            \u001b[36m<div>\u001b[39m\n              \u001b[36m<div\u001b[39m\n                \u001b[33mclass\u001b[39m=\u001b[32m\"flex justify-between items-center mb-1\"\u001b[39m\n              \u001b[36m>\u001b[39m\n                \u001b[36m<label\u001b[39m\n                  \u001b[33mclass\u001b[39m=\u001b[32m\"text-sm font-semibold text-on-surface-variant\"\u001b[39m\n                \u001b[36m>\u001b[39m\n                  \u001b[0mPassword\u001b[0m\n                \u001b[36m</label>\u001b[39m\n                \u001b[36m<a\u001b[39m\n                  \u001b[33mclass\u001b[39m=\u001b[32m\"text-sm font-bold text-primary hover:underline\"\u001b[39m\n                  \u001b[33mdata-discover\u001b[39m=\u001b[32m\"true\"\u001b[39m\n                  \u001b[33mhref\u001b[39m=\u001b[32m\"/forgot-password\"\u001b[39m\n                \u001b[36m>\u001b[39m\n                  \u001b[0mForgot password?\u001b[0m\n                \u001b[36m</a>\u001b[39m\n              \u001b[36m</div>\u001b[39m\n              \u001b[36m<input\u001b[39m\n                \u001b[33mclass\u001b[39m=\u001b[32m\"w-full h-12 px-4 bg-surface-container-low border border-outline-variant/30 rounded-xl focus:ring-1 focus:ring-primary focus:border-primary outline-none transition-all duration-200\"\u001b[39m\n                \u001b[33mname\u001b[39m=\u001b[32m\"password\"\u001b[39m\n                \u001b[33mplaceholder\u001b[39m=\u001b[32m\"••••••••\"\u001b[39m\n                \u001b[33mtype\u001b[39m=\u001b[32m\"password\"\u001b[39m\n              \u001b[36m/>\u001b[39m\n            \u001b[36m</div>\u001b[39m\n            \u001b[36m<button\u001b[39m\n              \u001b[33mclass\u001b[39m=\u001b[32m\"mt-6 flex items-center justify-center w-full h-12 gradient-btn text-white font-bold rounded-xl shadow-md hover:shadow-xl hover:scale-[1.02] active:scale-[0.98] transition-all duration-500 disabled:opacity-70 disabled:scale-100\"\u001b[39m\n              \u001b[33mtype\u001b[39m=\u001b[32m\"submit\"\u001b[39m\n            \u001b[36m>\u001b[39m\n              \u001b[0mSign In\u001b[0m\n              \u001b[36m<svg\u001b[39m\n                \u001b[33mclass\u001b[39m=\u001b[32m\"w-5 h-5 ml-2\"\u001b[39m\n                \u001b[33mfill\u001b[39m=\u001b[32m\"none\"\u001b[39m\n                \u001b[33mstroke\u001b[39m=\u001b[32m\"currentColor\"\u001b[39m\n                \u001b[33mviewBox\u001b[39m=\u001b[32m\"0 0 24 24\"\u001b[39m\n              \u001b[36m>\u001b[39m\n                \u001b[36m<path\u001b[39m\n                  \u001b[33md\u001b[39m=\u001b[32m\"M14 5l7 7m0 0l-7 7m7-7H3\"\u001b[39m\n                  \u001b[33mstroke-linecap\u001b[39m=\u001b[32m\"round\"\u001b[39m\n                  \u001b[33mstroke-linejoin\u001b[39m=\u001b[32m\"round\"\u001b[39m\n                  \u001b[33mstroke-width\u001b[39m=\u001b[32m\"2\"\u001b[39m\n                \u001b[36m/>\u001b[39m\n              \u001b[36m</svg>\u001b[39m\n            \u001b[36m</button>\u001b[39m\n          \u001b[36m</form>\u001b[39m\n          \u001b[36m<div\u001b[39m\n            \u001b[33mclass\u001b[39m=\u001b[32m\"mt-6 flex items-center justify-center space-x-4\"\u001b[39m\n          \u001b[36m>\u001b[39m\n            \u001b[36m<div\u001b[39m\n              \u001b[33mclass\u001b[39m=\u001b[32m\"flex-1 h-px bg-outline-variant/30\"\u001b[39m\n            \u001b[36m/>\u001b[39m\n            \u001b[36m<span\u001b[39m\n              \u001b[33mclass\u001b[39m=\u001b[32m\"text-xs font-semibold text-on-surface-variant tracking-wider uppercase\"\u001b[39m\n            \u001b[36m>\u001b[39m\n              \u001b[0mOR CONTINUE WITH\u001b[0m\n            \u001b[36m</span>\u001b[39m\n            \u001b[36m<div\u001b[39m\n              \u001b[33mclass\u001b[39m=\u001b[32m\"flex-1 h-px bg-outline-variant/30\"\u001b[39m\n            \u001b[36m/>\u001b[39m\n          \u001b[36m</div>\u001b[39m\n          \u001b[36m<button\u001b[39m\n            \u001b[33mclass\u001b[39m=\u001b[32m\"mt-6 flex items-center justify-center w-full h-12 bg-surface-container-high hover:bg-surface-container-highest text-on-surface font-bold rounded-xl shadow-sm border border-outline-variant/30 transition-all duration-200\"\u001b[39m\n          \u001b[36m>\u001b[39m\n            \u001b[36m<svg\u001b[39m\n              \u001b[33mclass\u001b[39m=\u001b[32m\"w-5 h-5 mr-3\"\u001b[39m\n              \u001b[33mviewBox\u001b[39m=\u001b[32m\"0 0 24 24\"\u001b[39m\n            \u001b[36m>\u001b[39m\n              \u001b[36m<path\u001b[39m\n                \u001b[33md\u001b[39m=\u001b[32m\"M22.56 12.25c0-.78-.07-1.53-.2-2.25H12v4.26h5.92c-.26 1.37-1.04 2.53-2.21 3.31v2.77h3.57c2.08-1.92 3.28-4.74 3.28-8.09z\"\u001b[39m\n                \u001b[33mfill\u001b[39m=\u001b[32m\"#4285F4\"\u001b[39m\n              \u001b[36m/>\u001b[39m\n              \u001b[36m<path\u001b[39m\n                \u001b[33md\u001b[39m=\u001b[32m\"M12 23c2.97 0 5.46-.98 7.28-2.66l-3.57-2.77c-.98.66-2.23 1.06-3.71 1.06-2.86 0-5.29-1.93-6.16-4.53H2.18v2.84C3.99 20.53 7.7 23 12 23z\"\u001b[39m\n                \u001b[33mfill\u001b[39m=\u001b[32m\"#34A853\"\u001b[39m\n              \u001b[36m/>\u001b[39m\n              \u001b[36m<path\u001b[39m\n                \u001b[33md\u001b[39m=\u001b[32m\"M5.84 14.09c-.22-.66-.35-1.36-.35-2.09s.13-1.43.35-2.09V7.07H2.18C1.43 8.55 1 10.22 1 12s.43 3.45 1.18 4.93l2.85-2.22.81-.62z\"\u001b[39m\n                \u001b[33mfill\u001b[39m=\u001b[32m\"#FBBC05\"\u001b[39m\n              \u001b[36m/>\u001b[39m\n              \u001b[36m<path\u001b[39m\n                \u001b[33md\u001b[39m=\u001b[32m\"M12 5.38c1.62 0 3.06.56 4.21 1.64l3.15-3.15C17.45 2.09 14.97 1 12 1 7.7 1 3.99 3.47 2.18 7.07l3.66 2.84c.87-2.6 3.3-4.53 6.16-4.53z\"\u001b[39m\n                \u001b[33mfill\u001b[39m=\u001b[32m\"#EA4335\"\u001b[39m\n              \u001b[36m/>\u001b[39m\n            \u001b[36m</svg>\u001b[39m\n            \u001b[0mGoogle\u001b[0m\n          \u001b[36m</button>\u001b[39m\n          \u001b[36m<p\u001b[39m\n            \u001b[33mclass\u001b[39m=\u001b[32m\"mt-6 text-center text-sm font-semibold text-on-surface-variant\"\u001b[39m\n          \u001b[36m>\u001b[39m\n            \u001b[0mDon't have an account? \u001b[0m\n            \u001b[36m<a\u001b[39m\n              \u001b[33mclass\u001b[39m=\u001b[32m\"text-primary hover:underline\"\u001b[39m\n              \u001b[33mdata-discover\u001b[39m=\u001b[32m\"true\"\u001b[39m\n              \u001b[33mhref\u001b[39m=\u001b[32m\"/register\"\u001b[39m\n            \u001b[36m>\u001b[39m\n              \u001b[0mSign up\u001b[0m\n            \u001b[36m</a>\u001b[39m\n          \u001b[36m</p>\u001b[39m\n        \u001b[36m</div>\u001b[39m\n      \u001b[36m</div>\u001b[39m\n      \u001b[36m<div\u001b[39m\n        \u001b[33mclass\u001b[39m=\u001b[32m\"fixed bottom-6 right-6 px-6 py-3 rounded-xl shadow-lg font-bold text-white z-50 transition-all duration-300 transform translate-y-0 bg-error\"\u001b[39m\n      \u001b[36m>\u001b[39m\n        \u001b[0mOAuth login failed.\u001b[0m\n      \u001b[36m</div>\u001b[39m\n    \u001b[36m</div>\u001b[39m\n  \u001b[36m</body>\u001b[39m\n\u001b[36m</html>\u001b[39m\n    at toBe (F:\\SkillSync\\Frontend\\tests\\pages\\auth\\LoginPage.test.tsx:167:53)\n    at callback (F:\\SkillSync\\Frontend\\node_modules\\@testing-library\\dom\\dist\\config.js:47:12)\n    at checkCallback (F:\\SkillSync\\Frontend\\node_modules\\@testing-library\\dom\\dist\\wait-for.js:124:75)\n    at checkCallback (F:\\SkillSync\\Frontend\\node_modules\\@testing-library\\dom\\dist\\wait-for.js:118:16)\n    at Timeout.task [as _onTimeout] (F:\\SkillSync\\Frontend\\node_modules\\jsdom\\lib\\jsdom\\browser\\Window.js:579:19)\n    at listOnTimeout (node:internal/timers:588:17)\n    at processTimers (node:internal/timers:523:7)"],"fullName":"LoginPage simulates google login successfully","invocations":1,"location":null,"numPassingAsserts":19,"retryReasons":[],"startAt":1776351643944,"status":"failed","title":"simulates google login successfully"},{"ancestorTitles":["LoginPage"],"duration":24,"failing":false,"failureDetails":[],"failureMessages":[],"fullName":"LoginPage displays session expired message if URL contains ?reason=session_expired","invocations":1,"location":null,"numPassingAsserts":1,"retryReasons":[],"startAt":1776351645002,"status":"passed","title":"displays session expired message if URL contains ?reason=session_expired"}],"endTime":1776351645077,"message":"\u001b[1m\u001b[31m  \u001b[1m● \u001b[22m\u001b[1mLoginPage › handles successful login and navigates based on role (LEARNER)\u001b[39m\u001b[22m\n\n    \u001b[2mexpect(\u001b[22m\u001b[31mreceived\u001b[39m\u001b[2m).\u001b[22mtoBe\u001b[2m(\u001b[22m\u001b[32mexpected\u001b[39m\u001b[2m) // Object.is equality\u001b[22m\n\n    Expected: \u001b[32m\"ROLE_LEARNER\"\u001b[39m\n    Received: \u001b[31mundefined\u001b[39m\n\n    Ignored nodes: comments, script, style\n    \u001b[36m<html\u001b[39m\n      \u001b[33mclass\u001b[39m=\u001b[32m\"theme-light\"\u001b[39m\n      \u001b[33mdata-theme\u001b[39m=\u001b[32m\"light\"\u001b[39m\n      \u001b[33mstyle\u001b[39m=\u001b[32m\"color-scheme: light;\"\u001b[39m\n    \u001b[36m>\u001b[39m\n      \u001b[36m<head />\u001b[39m\n      \u001b[36m<body>\u001b[39m\n        \u001b[36m<div>\u001b[39m\n          \u001b[36m<div\u001b[39m\n            \u001b[33mclass\u001b[39m=\u001b[32m\"flex flex-col items-center\"\u001b[39m\n          \u001b[36m>\u001b[39m\n            \u001b[36m<div\u001b[39m\n              \u001b[33mclass\u001b[39m=\u001b[32m\"flex items-center gap-3 mb-4 group transition-all\"\u001b[39m\n            \u001b[36m>\u001b[39m\n              \u001b[36m<img\u001b[39m\n                \u001b[33malt\u001b[39m=\u001b[32m\"SkillSync Logo\"\u001b[39m\n                \u001b[33mclass\u001b[39m=\u001b[32m\"w-12 h-12 object-contain hover:scale-110 transition duration-500\"\u001b[39m\n                \u001b[33msrc\u001b[39m=\u001b[32m\"test-file-stub\"\u001b[39m\n              \u001b[36m/>\u001b[39m\n              \u001b[36m<h1\u001b[39m\n                \u001b[33mclass\u001b[39m=\u001b[32m\"text-4xl font-black tracking-tighter text-on-surface\"\u001b[39m\n              \u001b[36m>\u001b[39m\n                \u001b[0mSkillSync\u001b[0m\n              \u001b[36m</h1>\u001b[39m\n            \u001b[36m</div>\u001b[39m\n            \u001b[36m<p\u001b[39m\n              \u001b[33mclass\u001b[39m=\u001b[32m\"text-sm text-on-surface-variant font-medium mb-8 text-center px-4 max-w-xs\"\u001b[39m\n            \u001b[36m>\u001b[39m\n              \u001b[0mConnecting ambition with expertise, one sync at a time.\u001b[0m\n            \u001b[36m</p>\u001b[39m\n            \u001b[36m<div\u001b[39m\n              \u001b[33mclass\u001b[39m=\u001b[32m\"w-full bg-surface-container-lowest p-8 md:p-10 rounded-xl shadow-sm border border-outline-variant/15 transition-all\"\u001b[39m\n            \u001b[36m>\u001b[39m\n              \u001b[36m<h2\u001b[39m\n                \u001b[33mclass\u001b[39m=\u001b[32m\"text-xl font-bold text-on-surface mb-6\"\u001b[39m\n              \u001b[36m>\u001b[39m\n                \u001b[0mWelcome back\u001b[0m\n              \u001b[36m</h2>\u001b[39m\n              \u001b[36m<form\u001b[39m\n                \u001b[33mclass\u001b[39m=\u001b[32m\"space-y-4\"\u001b[39m\n              \u001b[36m>\u001b[39m\n                \u001b[36m<div>\u001b[39m\n                  \u001b[36m<label\u001b[39m\n                    \u001b[33mclass\u001b[39m=\u001b[32m\"text-sm font-semibold text-on-surface-variant block mb-1\"\u001b[39m\n                  \u001b[36m>\u001b[39m\n                    \u001b[0mEmail\u001b[0m\n                  \u001b[36m</label>\u001b[39m\n                  \u001b[36m<input\u001b[39m\n                    \u001b[33mclass\u001b[39m=\u001b[32m\"w-full h-12 px-4 bg-surface-container-low border border-outline-variant/30 rounded-xl focus:ring-1 focus:ring-primary focus:border-primary outline-none transition-all duration-200\"\u001b[39m\n                    \u001b[33mname\u001b[39m=\u001b[32m\"email\"\u001b[39m\n                    \u001b[33mplaceholder\u001b[39m=\u001b[32m\"name@example.com\"\u001b[39m\n                    \u001b[33mtype\u001b[39m=\u001b[32m\"email\"\u001b[39m\n                  \u001b[36m/>\u001b[39m\n                \u001b[36m</div>\u001b[39m\n                \u001b[36m<div>\u001b[39m\n                  \u001b[36m<div\u001b[39m\n                    \u001b[33mclass\u001b[39m=\u001b[32m\"flex justify-between items-center mb-1\"\u001b[39m\n                  \u001b[36m>\u001b[39m\n                    \u001b[36m<label\u001b[39m\n                      \u001b[33mclass\u001b[39m=\u001b[32m\"text-sm font-semibold text-on-surface-variant\"\u001b[39m\n                    \u001b[36m>\u001b[39m\n                      \u001b[0mPassword\u001b[0m\n                    \u001b[36m</label>\u001b[39m\n                    \u001b[36m<a\u001b[39m\n                      \u001b[33mclass\u001b[39m=\u001b[32m\"text-sm font-bold text-primary hover:underline\"\u001b[39m\n                      \u001b[33mdata-discover\u001b[39m=\u001b[32m\"true\"\u001b[39m\n                      \u001b[33mhref\u001b[39m=\u001b[32m\"/forgot-password\"\u001b[39m\n                    \u001b[36m>\u001b[39m\n                      \u001b[0mForgot password?\u001b[0m\n                    \u001b[36m</a>\u001b[39m\n                  \u001b[36m</div>\u001b[39m\n                  \u001b[36m<input\u001b[39m\n                    \u001b[33mclass\u001b[39m=\u001b[32m\"w-full h-12 px-4 bg-surface-container-low border border-outline-variant/30 rounded-xl focus:ring-1 focus:ring-primary focus:border-primary outline-none transition-all duration-200\"\u001b[39m\n                    \u001b[33mname\u001b[39m=\u001b[32m\"password\"\u001b[39m\n                    \u001b[33mplaceholder\u001b[39m=\u001b[32m\"••••••••\"\u001b[39m\n                    \u001b[33mtype\u001b[39m=\u001b[32m\"password\"\u001b[39m\n                  \u001b[36m/>\u001b[39m\n                \u001b[36m</div>\u001b[39m\n                \u001b[36m<p\u001b[39m\n                  \u001b[33mclass\u001b[39m=\u001b[32m\"text-xs text-error mt-2\"\u001b[39m\n                \u001b[36m>\u001b[39m\n                  \u001b[0mError connecting to server. Please try again.\u001b[0m\n                \u001b[36m</p>\u001b[39m\n                \u001b[36m<button\u001b[39m\n                  \u001b[33mclass\u001b[39m=\u001b[32m\"mt-6 flex items-center justify-center w-full h-12 gradient-btn text-white font-bold rounded-xl shadow-md hover:shadow-xl hover:scale-[1.02] active:scale-[0.98] transition-all duration-500 disabled:opacity-70 disabled:scale-100\"\u001b[39m\n                  \u001b[33mtype\u001b[39m=\u001b[32m\"submit\"\u001b[39m\n                \u001b[36m>\u001b[39m\n                  \u001b[0mSign In\u001b[0m\n                  \u001b[36m<svg\u001b[39m\n                    \u001b[33mclass\u001b[39m=\u001b[32m\"w-5 h-5 ml-2\"\u001b[39m\n                    \u001b[33mfill\u001b[39m=\u001b[32m\"none\"\u001b[39m\n                    \u001b[33mstroke\u001b[39m=\u001b[32m\"currentColor\"\u001b[39m\n                    \u001b[33mviewBox\u001b[39m=\u001b[32m\"0 0 24 24\"\u001b[39m\n                  \u001b[36m>\u001b[39m\n                    \u001b[36m<path\u001b[39m\n                      \u001b[33md\u001b[39m=\u001b[32m\"M14 5l7 7m0 0l-7 7m7-7H3\"\u001b[39m\n                      \u001b[33mstroke-linecap\u001b[39m=\u001b[32m\"round\"\u001b[39m\n                      \u001b[33mstroke-linejoin\u001b[39m=\u001b[32m\"round\"\u001b[39m\n                      \u001b[33mstroke-width\u001b[39m=\u001b[32m\"2\"\u001b[39m\n                    \u001b[36m/>\u001b[39m\n                  \u001b[36m</svg>\u001b[39m\n                \u001b[36m</button>\u001b[39m\n              \u001b[36m</form>\u001b[39m\n              \u001b[36m<div\u001b[39m\n                \u001b[33mclass\u001b[39m=\u001b[32m\"mt-6 flex items-center justify-center space-x-4\"\u001b[39m\n              \u001b[36m>\u001b[39m\n                \u001b[36m<div\u001b[39m\n                  \u001b[33mclass\u001b[39m=\u001b[32m\"flex-1 h-px bg-outline-variant/30\"\u001b[39m\n                \u001b[36m/>\u001b[39m\n                \u001b[36m<span\u001b[39m\n                  \u001b[33mclass\u001b[39m=\u001b[32m\"text-xs font-semibold text-on-surface-variant tracking-wider uppercase\"\u001b[39m\n                \u001b[36m>\u001b[39m\n                  \u001b[0mOR CONTINUE WITH\u001b[0m\n                \u001b[36m</span>\u001b[39m\n                \u001b[36m<div\u001b[39m\n                  \u001b[33mclass\u001b[39m=\u001b[32m\"flex-1 h-px bg-outline-variant/30\"\u001b[39m\n                \u001b[36m/>\u001b[39m\n              \u001b[36m</div>\u001b[39m\n              \u001b[36m<button\u001b[39m\n                \u001b[33mclass\u001b[39m=\u001b[32m\"mt-6 flex items-center justify-center w-full h-12 bg-surface-container-high hover:bg-surface-container-highest text-on-surface font-bold rounded-xl shadow-sm border border-outline-variant/30 transition-all duration-200\"\u001b[39m\n              \u001b[36m>\u001b[39m\n                \u001b[36m<svg\u001b[39m\n                  \u001b[33mclass\u001b[39m=\u001b[32m\"w-5 h-5 mr-3\"\u001b[39m\n                  \u001b[33mviewBox\u001b[39m=\u001b[32m\"0 0 24 24\"\u001b[39m\n                \u001b[36m>\u001b[39m\n                  \u001b[36m<path\u001b[39m\n                    \u001b[33md\u001b[39m=\u001b[32m\"M22.56 12.25c0-.78-.07-1.53-.2-2.25H12v4.26h5.92c-.26 1.37-1.04 2.53-2.21 3.31v2.77h3.57c2.08-1.92 3.28-4.74 3.28-8.09z\"\u001b[39m\n                    \u001b[33mfill\u001b[39m=\u001b[32m\"#4285F4\"\u001b[39m\n                  \u001b[36m/>\u001b[39m\n                  \u001b[36m<path\u001b[39m\n                    \u001b[33md\u001b[39m=\u001b[32m\"M12 23c2.97 0 5.46-.98 7.28-2.66l-3.57-2.77c-.98.66-2.23 1.06-3.71 1.06-2.86 0-5.29-1.93-6.16-4.53H2.18v2.84C3.99 20.53 7.7 23 12 23z\"\u001b[39m\n                    \u001b[33mfill\u001b[39m=\u001b[32m\"#34A853\"\u001b[39m\n                  \u001b[36m/>\u001b[39m\n                  \u001b[36m<path\u001b[39m\n                    \u001b[33md\u001b[39m=\u001b[32m\"M5.84 14.09c-.22-.66-.35-1.36-.35-2.09s.13-1.43.35-2.09V7.07H2.18C1.43 8.55 1 10.22 1 12s.43 3.45 1.18 4.93l2.85-2.22.81-.62z\"\u001b[39m\n                    \u001b[33mfill\u001b[39m=\u001b[32m\"#FBBC05\"\u001b[39m\n                  \u001b[36m/>\u001b[39m\n                  \u001b[36m<path\u001b[39m\n                    \u001b[33md\u001b[39m=\u001b[32m\"M12 5.38c1.62 0 3.06.56 4.21 1.64l3.15-3.15C17.45 2.09 14.97 1 12 1 7.7 1 3.99 3.47 2.18 7.07l3.66 2.84c.87-2.6 3.3-4.53 6.16-4.53z\"\u001b[39m\n                    \u001b[33mfill\u001b[39m=\u001b[32m\"#EA4335\"\u001b[39m\n                  \u001b[36m/>\u001b[39m\n                \u001b[36m</svg>\u001b[39m\n                \u001b[0mGoogle\u001b[0m\n              \u001b[36m</button>\u001b[39m\n              \u001b[36m<p\u001b[39m\n                \u001b[33mclass\u001b[39m=\u001b[32m\"mt-6 text-center text-sm font-semibold text-on-surface-variant\"\u001b[39m\n              \u001b[36m>\u001b[39m\n                \u001b[0mDon't have an account? \u001b[0m\n                \u001b[36m<a\u001b[39m\n                  \u001b[33mclass\u001b[39m=\u001b[32m\"text-primary hover:underline\"\u001b[39m\n                  \u001b[33mdata-discover\u001b[39m=\u001b[32m\"true\"\u001b[39m\n                  \u001b[33mhref\u001b[39m=\u001b[32m\"/register\"\u001b[39m\n                \u001b[36m>\u001b[39m\n                  \u001b[0mSign up\u001b[0m\n                \u001b[36m</a>\u001b[39m\n              \u001b[36m</p>\u001b[39m\n            \u001b[36m</div>\u001b[39m\n          \u001b[36m</div>\u001b[39m\n          \u001b[36m<div\u001b[39m\n            \u001b[33mclass\u001b[39m=\u001b[32m\"fixed bottom-6 right-6 px-6 py-3 rounded-xl shadow-lg font-bold text-white z-50 transition-all duration-300 transform translate-y-0 bg-error\"\u001b[39m\n          \u001b[36m>\u001b[39m\n            \u001b[0mInvalid credentials. Please try again.\u001b[0m\n          \u001b[36m</div>\u001b[39m\n        \u001b[36m</div>\u001b[39m\n      \u001b[36m</body>\u001b[39m\n    \u001b[36m</html>\u001b[39m\n\u001b[2m\u001b[22m\n\u001b[2m    \u001b[0m \u001b[90m 73 |\u001b[39m     \u001b[36mawait\u001b[39m waitFor(() \u001b[33m=>\u001b[39m {\u001b[22m\n\u001b[2m     \u001b[90m 74 |\u001b[39m       expect(store\u001b[33m.\u001b[39mgetState()\u001b[33m.\u001b[39mauth\u001b[33m.\u001b[39misAuthenticated)\u001b[33m.\u001b[39mtoBe(\u001b[36mtrue\u001b[39m)\u001b[33m;\u001b[39m\u001b[22m\n\u001b[2m    \u001b[31m\u001b[1m>\u001b[22m\u001b[2m\u001b[39m\u001b[90m 75 |\u001b[39m       expect(store\u001b[33m.\u001b[39mgetState()\u001b[33m.\u001b[39mauth\u001b[33m.\u001b[39muser\u001b[33m?\u001b[39m\u001b[33m.\u001b[39mrole)\u001b[33m.\u001b[39mtoBe(\u001b[32m'ROLE_LEARNER'\u001b[39m)\u001b[33m;\u001b[39m\u001b[22m\n\u001b[2m     \u001b[90m    |\u001b[39m                                                \u001b[31m\u001b[1m^\u001b[22m\u001b[2m\u001b[39m\u001b[22m\n\u001b[2m     \u001b[90m 76 |\u001b[39m     })\u001b[33m;\u001b[39m\u001b[22m\n\u001b[2m     \u001b[90m 77 |\u001b[39m   })\u001b[33m;\u001b[39m\u001b[22m\n\u001b[2m     \u001b[90m 78 |\u001b[39m\u001b[0m\u001b[22m\n\u001b[2m\u001b[22m\n\u001b[2m      \u001b[2mat toBe (\u001b[22m\u001b[2m\u001b[0m\u001b[36mtests/pages/auth/LoginPage.test.tsx\u001b[39m\u001b[0m\u001b[2m:75:48)\u001b[22m\u001b[2m\u001b[22m\n\u001b[2m      \u001b[2mat callback (\u001b[22m\u001b[2mnode_modules/@testing-library/dom/dist/config.js\u001b[2m:47:12)\u001b[22m\u001b[2m\u001b[22m\n\u001b[2m      \u001b[2mat checkCallback (\u001b[22m\u001b[2mnode_modules/@testing-library/dom/dist/wait-for.js\u001b[2m:124:75)\u001b[22m\u001b[2m\u001b[22m\n\u001b[2m      \u001b[2mat checkCallback (\u001b[22m\u001b[2mnode_modules/@testing-library/dom/dist/wait-for.js\u001b[2m:118:16)\u001b[22m\u001b[2m\u001b[22m\n\u001b[2m      \u001b[2mat Timeout.task [as _onTimeout] (\u001b[22m\u001b[2mnode_modules/jsdom/lib/jsdom/browser/Window.js\u001b[2m:579:19)\u001b[22m\u001b[2m\u001b[22m\n\n\u001b[1m\u001b[31m  \u001b[1m● \u001b[22m\u001b[1mLoginPage › handles successful login and navigates based on role (ADMIN)\u001b[39m\u001b[22m\n\n    \u001b[2mexpect(\u001b[22m\u001b[31mreceived\u001b[39m\u001b[2m).\u001b[22mtoBe\u001b[2m(\u001b[22m\u001b[32mexpected\u001b[39m\u001b[2m) // Object.is equality\u001b[22m\n\n    Expected: \u001b[32m\"ROLE_ADMIN\"\u001b[39m\n    Received: \u001b[31mundefined\u001b[39m\n\n    Ignored nodes: comments, script, style\n    \u001b[36m<html\u001b[39m\n      \u001b[33mclass\u001b[39m=\u001b[32m\"theme-light\"\u001b[39m\n      \u001b[33mdata-theme\u001b[39m=\u001b[32m\"light\"\u001b[39m\n      \u001b[33mstyle\u001b[39m=\u001b[32m\"color-scheme: light;\"\u001b[39m\n    \u001b[36m>\u001b[39m\n      \u001b[36m<head />\u001b[39m\n      \u001b[36m<body>\u001b[39m\n        \u001b[36m<div>\u001b[39m\n          \u001b[36m<div\u001b[39m\n            \u001b[33mclass\u001b[39m=\u001b[32m\"flex flex-col items-center\"\u001b[39m\n          \u001b[36m>\u001b[39m\n            \u001b[36m<div\u001b[39m\n              \u001b[33mclass\u001b[39m=\u001b[32m\"flex items-center gap-3 mb-4 group transition-all\"\u001b[39m\n            \u001b[36m>\u001b[39m\n              \u001b[36m<img\u001b[39m\n                \u001b[33malt\u001b[39m=\u001b[32m\"SkillSync Logo\"\u001b[39m\n                \u001b[33mclass\u001b[39m=\u001b[32m\"w-12 h-12 object-contain hover:scale-110 transition duration-500\"\u001b[39m\n                \u001b[33msrc\u001b[39m=\u001b[32m\"test-file-stub\"\u001b[39m\n              \u001b[36m/>\u001b[39m\n              \u001b[36m<h1\u001b[39m\n                \u001b[33mclass\u001b[39m=\u001b[32m\"text-4xl font-black tracking-tighter text-on-surface\"\u001b[39m\n              \u001b[36m>\u001b[39m\n                \u001b[0mSkillSync\u001b[0m\n              \u001b[36m</h1>\u001b[39m\n            \u001b[36m</div>\u001b[39m\n            \u001b[36m<p\u001b[39m\n              \u001b[33mclass\u001b[39m=\u001b[32m\"text-sm text-on-surface-variant font-medium mb-8 text-center px-4 max-w-xs\"\u001b[39m\n            \u001b[36m>\u001b[39m\n              \u001b[0mConnecting ambition with expertise, one sync at a time.\u001b[0m\n            \u001b[36m</p>\u001b[39m\n            \u001b[36m<div\u001b[39m\n              \u001b[33mclass\u001b[39m=\u001b[32m\"w-full bg-surface-container-lowest p-8 md:p-10 rounded-xl shadow-sm border border-outline-variant/15 transition-all\"\u001b[39m\n            \u001b[36m>\u001b[39m\n              \u001b[36m<h2\u001b[39m\n                \u001b[33mclass\u001b[39m=\u001b[32m\"text-xl font-bold text-on-surface mb-6\"\u001b[39m\n              \u001b[36m>\u001b[39m\n                \u001b[0mWelcome back\u001b[0m\n              \u001b[36m</h2>\u001b[39m\n              \u001b[36m<form\u001b[39m\n                \u001b[33mclass\u001b[39m=\u001b[32m\"space-y-4\"\u001b[39m\n              \u001b[36m>\u001b[39m\n                \u001b[36m<div>\u001b[39m\n                  \u001b[36m<label\u001b[39m\n                    \u001b[33mclass\u001b[39m=\u001b[32m\"text-sm font-semibold text-on-surface-variant block mb-1\"\u001b[39m\n                  \u001b[36m>\u001b[39m\n                    \u001b[0mEmail\u001b[0m\n                  \u001b[36m</label>\u001b[39m\n                  \u001b[36m<input\u001b[39m\n                    \u001b[33mclass\u001b[39m=\u001b[32m\"w-full h-12 px-4 bg-surface-container-low border border-outline-variant/30 rounded-xl focus:ring-1 focus:ring-primary focus:border-primary outline-none transition-all duration-200\"\u001b[39m\n                    \u001b[33mname\u001b[39m=\u001b[32m\"email\"\u001b[39m\n                    \u001b[33mplaceholder\u001b[39m=\u001b[32m\"name@example.com\"\u001b[39m\n                    \u001b[33mtype\u001b[39m=\u001b[32m\"email\"\u001b[39m\n                  \u001b[36m/>\u001b[39m\n                \u001b[36m</div>\u001b[39m\n                \u001b[36m<div>\u001b[39m\n                  \u001b[36m<div\u001b[39m\n                    \u001b[33mclass\u001b[39m=\u001b[32m\"flex justify-between items-center mb-1\"\u001b[39m\n                  \u001b[36m>\u001b[39m\n                    \u001b[36m<label\u001b[39m\n                      \u001b[33mclass\u001b[39m=\u001b[32m\"text-sm font-semibold text-on-surface-variant\"\u001b[39m\n                    \u001b[36m>\u001b[39m\n                      \u001b[0mPassword\u001b[0m\n                    \u001b[36m</label>\u001b[39m\n                    \u001b[36m<a\u001b[39m\n                      \u001b[33mclass\u001b[39m=\u001b[32m\"text-sm font-bold text-primary hover:underline\"\u001b[39m\n                      \u001b[33mdata-discover\u001b[39m=\u001b[32m\"true\"\u001b[39m\n                      \u001b[33mhref\u001b[39m=\u001b[32m\"/forgot-password\"\u001b[39m\n                    \u001b[36m>\u001b[39m\n                      \u001b[0mForgot password?\u001b[0m\n                    \u001b[36m</a>\u001b[39m\n                  \u001b[36m</div>\u001b[39m\n                  \u001b[36m<input\u001b[39m\n                    \u001b[33mclass\u001b[39m=\u001b[32m\"w-full h-12 px-4 bg-surface-container-low border border-outline-variant/30 rounded-xl focus:ring-1 focus:ring-primary focus:border-primary outline-none transition-all duration-200\"\u001b[39m\n                    \u001b[33mname\u001b[39m=\u001b[32m\"password\"\u001b[39m\n                    \u001b[33mplaceholder\u001b[39m=\u001b[32m\"••••••••\"\u001b[39m\n                    \u001b[33mtype\u001b[39m=\u001b[32m\"password\"\u001b[39m\n                  \u001b[36m/>\u001b[39m\n                \u001b[36m</div>\u001b[39m\n                \u001b[36m<p\u001b[39m\n                  \u001b[33mclass\u001b[39m=\u001b[32m\"text-xs text-error mt-2\"\u001b[39m\n                \u001b[36m>\u001b[39m\n                  \u001b[0mError connecting to server. Please try again.\u001b[0m\n                \u001b[36m</p>\u001b[39m\n                \u001b[36m<button\u001b[39m\n                  \u001b[33mclass\u001b[39m=\u001b[32m\"mt-6 flex items-center justify-center w-full h-12 gradient-btn text-white font-bold rounded-xl shadow-md hover:shadow-xl hover:scale-[1.02] active:scale-[0.98] transition-all duration-500 disabled:opacity-70 disabled:scale-100\"\u001b[39m\n                  \u001b[33mtype\u001b[39m=\u001b[32m\"submit\"\u001b[39m\n                \u001b[36m>\u001b[39m\n                  \u001b[0mSign In\u001b[0m\n                  \u001b[36m<svg\u001b[39m\n                    \u001b[33mclass\u001b[39m=\u001b[32m\"w-5 h-5 ml-2\"\u001b[39m\n                    \u001b[33mfill\u001b[39m=\u001b[32m\"none\"\u001b[39m\n                    \u001b[33mstroke\u001b[39m=\u001b[32m\"currentColor\"\u001b[39m\n                    \u001b[33mviewBox\u001b[39m=\u001b[32m\"0 0 24 24\"\u001b[39m\n                  \u001b[36m>\u001b[39m\n                    \u001b[36m<path\u001b[39m\n                      \u001b[33md\u001b[39m=\u001b[32m\"M14 5l7 7m0 0l-7 7m7-7H3\"\u001b[39m\n                      \u001b[33mstroke-linecap\u001b[39m=\u001b[32m\"round\"\u001b[39m\n                      \u001b[33mstroke-linejoin\u001b[39m=\u001b[32m\"round\"\u001b[39m\n                      \u001b[33mstroke-width\u001b[39m=\u001b[32m\"2\"\u001b[39m\n                    \u001b[36m/>\u001b[39m\n                  \u001b[36m</svg>\u001b[39m\n                \u001b[36m</button>\u001b[39m\n              \u001b[36m</form>\u001b[39m\n              \u001b[36m<div\u001b[39m\n                \u001b[33mclass\u001b[39m=\u001b[32m\"mt-6 flex items-center justify-center space-x-4\"\u001b[39m\n              \u001b[36m>\u001b[39m\n                \u001b[36m<div\u001b[39m\n                  \u001b[33mclass\u001b[39m=\u001b[32m\"flex-1 h-px bg-outline-variant/30\"\u001b[39m\n                \u001b[36m/>\u001b[39m\n                \u001b[36m<span\u001b[39m\n                  \u001b[33mclass\u001b[39m=\u001b[32m\"text-xs font-semibold text-on-surface-variant tracking-wider uppercase\"\u001b[39m\n                \u001b[36m>\u001b[39m\n                  \u001b[0mOR CONTINUE WITH\u001b[0m\n                \u001b[36m</span>\u001b[39m\n                \u001b[36m<div\u001b[39m\n                  \u001b[33mclass\u001b[39m=\u001b[32m\"flex-1 h-px bg-outline-variant/30\"\u001b[39m\n                \u001b[36m/>\u001b[39m\n              \u001b[36m</div>\u001b[39m\n              \u001b[36m<button\u001b[39m\n                \u001b[33mclass\u001b[39m=\u001b[32m\"mt-6 flex items-center justify-center w-full h-12 bg-surface-container-high hover:bg-surface-container-highest text-on-surface font-bold rounded-xl shadow-sm border border-outline-variant/30 transition-all duration-200\"\u001b[39m\n              \u001b[36m>\u001b[39m\n                \u001b[36m<svg\u001b[39m\n                  \u001b[33mclass\u001b[39m=\u001b[32m\"w-5 h-5 mr-3\"\u001b[39m\n                  \u001b[33mviewBox\u001b[39m=\u001b[32m\"0 0 24 24\"\u001b[39m\n                \u001b[36m>\u001b[39m\n                  \u001b[36m<path\u001b[39m\n                    \u001b[33md\u001b[39m=\u001b[32m\"M22.56 12.25c0-.78-.07-1.53-.2-2.25H12v4.26h5.92c-.26 1.37-1.04 2.53-2.21 3.31v2.77h3.57c2.08-1.92 3.28-4.74 3.28-8.09z\"\u001b[39m\n                    \u001b[33mfill\u001b[39m=\u001b[32m\"#4285F4\"\u001b[39m\n                  \u001b[36m/>\u001b[39m\n                  \u001b[36m<path\u001b[39m\n                    \u001b[33md\u001b[39m=\u001b[32m\"M12 23c2.97 0 5.46-.98 7.28-2.66l-3.57-2.77c-.98.66-2.23 1.06-3.71 1.06-2.86 0-5.29-1.93-6.16-4.53H2.18v2.84C3.99 20.53 7.7 23 12 23z\"\u001b[39m\n                    \u001b[33mfill\u001b[39m=\u001b[32m\"#34A853\"\u001b[39m\n                  \u001b[36m/>\u001b[39m\n                  \u001b[36m<path\u001b[39m\n                    \u001b[33md\u001b[39m=\u001b[32m\"M5.84 14.09c-.22-.66-.35-1.36-.35-2.09s.13-1.43.35-2.09V7.07H2.18C1.43 8.55 1 10.22 1 12s.43 3.45 1.18 4.93l2.85-2.22.81-.62z\"\u001b[39m\n                    \u001b[33mfill\u001b[39m=\u001b[32m\"#FBBC05\"\u001b[39m\n                  \u001b[36m/>\u001b[39m\n                  \u001b[36m<path\u001b[39m\n                    \u001b[33md\u001b[39m=\u001b[32m\"M12 5.38c1.62 0 3.06.56 4.21 1.64l3.15-3.15C17.45 2.09 14.97 1 12 1 7.7 1 3.99 3.47 2.18 7.07l3.66 2.84c.87-2.6 3.3-4.53 6.16-4.53z\"\u001b[39m\n                    \u001b[33mfill\u001b[39m=\u001b[32m\"#EA4335\"\u001b[39m\n                  \u001b[36m/>\u001b[39m\n                \u001b[36m</svg>\u001b[39m\n                \u001b[0mGoogle\u001b[0m\n              \u001b[36m</button>\u001b[39m\n              \u001b[36m<p\u001b[39m\n                \u001b[33mclass\u001b[39m=\u001b[32m\"mt-6 text-center text-sm font-semibold text-on-surface-variant\"\u001b[39m\n              \u001b[36m>\u001b[39m\n                \u001b[0mDon't have an account? \u001b[0m\n                \u001b[36m<a\u001b[39m\n                  \u001b[33mclass\u001b[39m=\u001b[32m\"text-primary hover:underline\"\u001b[39m\n                  \u001b[33mdata-discover\u001b[39m=\u001b[32m\"true\"\u001b[39m\n                  \u001b[33mhref\u001b[39m=\u001b[32m\"/register\"\u001b[39m\n                \u001b[36m>\u001b[39m\n                  \u001b[0mSign up\u001b[0m\n                \u001b[36m</a>\u001b[39m\n              \u001b[36m</p>\u001b[39m\n            \u001b[36m</div>\u001b[39m\n          \u001b[36m</div>\u001b[39m\n          \u001b[36m<div\u001b[39m\n            \u001b[33mclass\u001b[39m=\u001b[32m\"fixed bottom-6 right-6 px-6 py-3 rounded-xl shadow-lg font-bold text-white z-50 transition-all duration-300 transform translate-y-0 bg-error\"\u001b[39m\n          \u001b[36m>\u001b[39m\n            \u001b[0mInvalid credentials. Please try again.\u001b[0m\n          \u001b[36m</div>\u001b[39m\n        \u001b[36m</div>\u001b[39m\n      \u001b[36m</body>\u001b[39m\n    \u001b[36m</html>\u001b[39m\n\u001b[2m\u001b[22m\n\u001b[2m    \u001b[0m \u001b[90m 94 |\u001b[39m     \u001b[36mawait\u001b[39m waitFor(() \u001b[33m=>\u001b[39m {\u001b[22m\n\u001b[2m     \u001b[90m 95 |\u001b[39m       expect(store\u001b[33m.\u001b[39mgetState()\u001b[33m.\u001b[39mauth\u001b[33m.\u001b[39misAuthenticated)\u001b[33m.\u001b[39mtoBe(\u001b[36mtrue\u001b[39m)\u001b[33m;\u001b[39m\u001b[22m\n\u001b[2m    \u001b[31m\u001b[1m>\u001b[22m\u001b[2m\u001b[39m\u001b[90m 96 |\u001b[39m       expect(store\u001b[33m.\u001b[39mgetState()\u001b[33m.\u001b[39mauth\u001b[33m.\u001b[39muser\u001b[33m?\u001b[39m\u001b[33m.\u001b[39mrole)\u001b[33m.\u001b[39mtoBe(\u001b[32m'ROLE_ADMIN'\u001b[39m)\u001b[33m;\u001b[39m\u001b[22m\n\u001b[2m     \u001b[90m    |\u001b[39m                                                \u001b[31m\u001b[1m^\u001b[22m\u001b[2m\u001b[39m\u001b[22m\n\u001b[2m     \u001b[90m 97 |\u001b[39m     })\u001b[33m;\u001b[39m\u001b[22m\n\u001b[2m     \u001b[90m 98 |\u001b[39m   })\u001b[33m;\u001b[39m\u001b[22m\n\u001b[2m     \u001b[90m 99 |\u001b[39m\u001b[0m\u001b[22m\n\u001b[2m\u001b[22m\n\u001b[2m      \u001b[2mat toBe (\u001b[22m\u001b[2m\u001b[0m\u001b[36mtests/pages/auth/LoginPage.test.tsx\u001b[39m\u001b[0m\u001b[2m:96:48)\u001b[22m\u001b[2m\u001b[22m\n\u001b[2m      \u001b[2mat callback (\u001b[22m\u001b[2mnode_modules/@testing-library/dom/dist/config.js\u001b[2m:47:12)\u001b[22m\u001b[2m\u001b[22m\n\u001b[2m      \u001b[2mat checkCallback (\u001b[22m\u001b[2mnode_modules/@testing-library/dom/dist/wait-for.js\u001b[2m:124:75)\u001b[22m\u001b[2m\u001b[22m\n\u001b[2m      \u001b[2mat checkCallback (\u001b[22m\u001b[2mnode_modules/@testing-library/dom/dist/wait-for.js\u001b[2m:118:16)\u001b[22m\u001b[2m\u001b[22m\n\u001b[2m      \u001b[2mat Timeout.task [as _onTimeout] (\u001b[22m\u001b[2mnode_modules/jsdom/lib/jsdom/browser/Window.js\u001b[2m:579:19)\u001b[22m\u001b[2m\u001b[22m\n\n\u001b[1m\u001b[31m  \u001b[1m● \u001b[22m\u001b[1mLoginPage › handles successful login and navigates based on role (MENTOR)\u001b[39m\u001b[22m\n\n    \u001b[2mexpect(\u001b[22m\u001b[31mreceived\u001b[39m\u001b[2m).\u001b[22mtoBe\u001b[2m(\u001b[22m\u001b[32mexpected\u001b[39m\u001b[2m) // Object.is equality\u001b[22m\n\n    Expected: \u001b[32m\"ROLE_MENTOR\"\u001b[39m\n    Received: \u001b[31mundefined\u001b[39m\n\n    Ignored nodes: comments, script, style\n    \u001b[36m<html\u001b[39m\n      \u001b[33mclass\u001b[39m=\u001b[32m\"theme-light\"\u001b[39m\n      \u001b[33mdata-theme\u001b[39m=\u001b[32m\"light\"\u001b[39m\n      \u001b[33mstyle\u001b[39m=\u001b[32m\"color-scheme: light;\"\u001b[39m\n    \u001b[36m>\u001b[39m\n      \u001b[36m<head />\u001b[39m\n      \u001b[36m<body>\u001b[39m\n        \u001b[36m<div>\u001b[39m\n          \u001b[36m<div\u001b[39m\n            \u001b[33mclass\u001b[39m=\u001b[32m\"flex flex-col items-center\"\u001b[39m\n          \u001b[36m>\u001b[39m\n            \u001b[36m<div\u001b[39m\n              \u001b[33mclass\u001b[39m=\u001b[32m\"flex items-center gap-3 mb-4 group transition-all\"\u001b[39m\n            \u001b[36m>\u001b[39m\n              \u001b[36m<img\u001b[39m\n                \u001b[33malt\u001b[39m=\u001b[32m\"SkillSync Logo\"\u001b[39m\n                \u001b[33mclass\u001b[39m=\u001b[32m\"w-12 h-12 object-contain hover:scale-110 transition duration-500\"\u001b[39m\n                \u001b[33msrc\u001b[39m=\u001b[32m\"test-file-stub\"\u001b[39m\n              \u001b[36m/>\u001b[39m\n              \u001b[36m<h1\u001b[39m\n                \u001b[33mclass\u001b[39m=\u001b[32m\"text-4xl font-black tracking-tighter text-on-surface\"\u001b[39m\n              \u001b[36m>\u001b[39m\n              
[...]
ion":null,"numPassingAsserts":4,"retryReasons":[],"startAt":1776351654851,"status":"passed","title":"reviewsSlice updates review collections and pagination state"}],"endTime":1776351654857,"message":"","name":"F:\\SkillSync\\Frontend\\src\\store\\slices\\slices.test.ts","startTime":1776351654548,"status":"passed","summary":""},{"assertionResults":[{"ancestorTitles":["ActionConfirm"],"duration":68,"failing":false,"failureDetails":[],"failureMessages":[],"fullName":"ActionConfirm resolves true when confirm button is clicked","invocations":1,"location":null,"numPassingAsserts":2,"retryReasons":[],"startAt":1776351655161,"status":"passed","title":"resolves true when confirm button is clicked"},{"ancestorTitles":["ActionConfirm"],"duration":89,"failing":false,"failureDetails":[],"failureMessages":[],"fullName":"ActionConfirm resolves false on cancel and escape key","invocations":1,"location":null,"numPassingAsserts":2,"retryReasons":[],"startAt":1776351655230,"status":"passed","title":"resolves false on cancel and escape key"},{"ancestorTitles":["ActionConfirm"],"duration":188,"failing":false,"failureDetails":[],"failureMessages":[],"fullName":"ActionConfirm throws when hook is used outside provider","invocations":1,"location":null,"numPassingAsserts":1,"retryReasons":[],"startAt":1776351655320,"status":"passed","title":"throws when hook is used outside provider"}],"endTime":1776351655510,"message":"","name":"F:\\SkillSync\\Frontend\\src\\components\\ui\\ActionConfirm.test.tsx","startTime":1776351654874,"status":"passed","summary":""},{"assertionResults":[{"ancestorTitles":["ThemeContext"],"duration":9,"failing":false,"failureDetails":[],"failureMessages":[],"fullName":"ThemeContext defaults to light theme and applies root attributes","invocations":1,"location":null,"numPassingAsserts":5,"retryReasons":[],"startAt":1776351655792,"status":"passed","title":"defaults to light theme and applies root attributes"},{"ancestorTitles":["ThemeContext"],"duration":36,"failing":false,"failureDetails":[],"failureMessages":[],"fullName":"ThemeContext loads dark theme from localStorage and toggles back to light","invocations":1,"location":null,"numPassingAsserts":4,"retryReasons":[],"startAt":1776351655803,"status":"passed","title":"loads dark theme from localStorage and toggles back to light"},{"ancestorTitles":["ThemeContext"],"duration":168,"failing":false,"failureDetails":[],"failureMessages":[],"fullName":"ThemeContext throws when useTheme is used outside ThemeProvider","invocations":1,"location":null,"numPassingAsserts":1,"retryReasons":[],"startAt":1776351655839,"status":"passed","title":"throws when useTheme is used outside ThemeProvider"}],"endTime":1776351656009,"message":"","name":"F:\\SkillSync\\Frontend\\src\\context\\ThemeContext.test.tsx","startTime":1776351655522,"status":"passed","summary":""},{"assertionResults":[{"ancestorTitles":["Sidebar"],"duration":20,"failing":false,"failureDetails":[],"failureMessages":[],"fullName":"Sidebar renders learner navigation and find mentor CTA","invocations":1,"location":null,"numPassingAsserts":3,"retryReasons":[],"startAt":1776351656398,"status":"passed","title":"renders learner navigation and find mentor CTA"},{"ancestorTitles":["Sidebar"],"duration":16,"failing":false,"failureDetails":[],"failureMessages":[],"fullName":"Sidebar renders mentor-specific links","invocations":1,"location":null,"numPassingAsserts":3,"retryReasons":[],"startAt":1776351656419,"status":"passed","title":"renders mentor-specific links"},{"ancestorTitles":["Sidebar"],"duration":42,"failing":false,"failureDetails":[],"failureMessages":[],"fullName":"Sidebar calls logout API and navigates to login on logout click","invocations":1,"location":null,"numPassingAsserts":3,"retryReasons":[],"startAt":1776351656436,"status":"passed","title":"calls logout API and navigates to login on logout click"},{"ancestorTitles":["Sidebar"],"duration":40,"failing":false,"failureDetails":[],"failureMessages":[],"fullName":"Sidebar still clears session and navigates even if logout API fails","invocations":1,"location":null,"numPassingAsserts":1,"retryReasons":[],"startAt":1776351656479,"status":"passed","title":"still clears session and navigates even if logout API fails"}],"endTime":1776351656523,"message":"","name":"F:\\SkillSync\\Frontend\\src\\components\\layout\\Sidebar.test.tsx","startTime":1776351656030,"status":"passed","summary":""},{"assertionResults":[{"ancestorTitles":["ProtectedRoute"],"duration":11,"failing":false,"failureDetails":[],"failureMessages":[],"fullName":"ProtectedRoute redirects unauthenticated users to login","invocations":1,"location":null,"numPassingAsserts":1,"retryReasons":[],"startAt":1776351656851,"status":"passed","title":"redirects unauthenticated users to login"},{"ancestorTitles":["ProtectedRoute"],"duration":5,"failing":false,"failureDetails":[],"failureMessages":[],"fullName":"ProtectedRoute renders protected outlet when authenticated","invocations":1,"location":null,"numPassingAsserts":1,"retryReasons":[],"startAt":1776351656863,"status":"passed","title":"renders protected outlet when authenticated"}],"endTime":1776351656870,"message":"","name":"F:\\SkillSync\\Frontend\\src\\components\\layout\\ProtectedRoute.test.tsx","startTime":1776351656542,"status":"passed","summary":""},{"assertionResults":[{"ancestorTitles":["PageLayout"],"duration":11,"failing":false,"failureDetails":[],"failureMessages":[],"fullName":"PageLayout uses learner role fallback and renders content without right panel","invocations":1,"location":null,"numPassingAsserts":3,"retryReasons":[],"startAt":1776351657152,"status":"passed","title":"uses learner role fallback and renders content without right panel"},{"ancestorTitles":["PageLayout"],"duration":6,"failing":false,"failureDetails":[],"failureMessages":[],"fullName":"PageLayout renders right panel when provided","invocations":1,"location":null,"numPassingAsserts":2,"retryReasons":[],"startAt":1776351657164,"status":"passed","title":"renders right panel when provided"}],"endTime":1776351657172,"message":"","name":"F:\\SkillSync\\Frontend\\src\\components\\layout\\PageLayout.test.tsx","startTime":1776351656882,"status":"passed","summary":""},{"assertionResults":[{"ancestorTitles":["ThemeToggleButton"],"duration":14,"failing":false,"failureDetails":[],"failureMessages":[],"fullName":"ThemeToggleButton renders with light mode label and aria semantics","invocations":1,"location":null,"numPassingAsserts":2,"retryReasons":[],"startAt":1776351657452,"status":"passed","title":"renders with light mode label and aria semantics"},{"ancestorTitles":["ThemeToggleButton"],"duration":38,"failing":false,"failureDetails":[],"failureMessages":[],"fullName":"ThemeToggleButton hides label when showLabel is false and still toggles theme","invocations":1,"location":null,"numPassingAsserts":3,"retryReasons":[],"startAt":1776351657467,"status":"passed","title":"hides label when showLabel is false and still toggles theme"}],"endTime":1776351657507,"message":"","name":"F:\\SkillSync\\Frontend\\src\\components\\ui\\ThemeToggleButton.test.tsx","startTime":1776351657185,"status":"passed","summary":""},{"assertionResults":[{"ancestorTitles":["RoleGuard"],"duration":11,"failing":false,"failureDetails":[],"failureMessages":[],"fullName":"RoleGuard redirects to login when not authenticated","invocations":1,"location":null,"numPassingAsserts":1,"retryReasons":[],"startAt":1776351657832,"status":"passed","title":"redirects to login when not authenticated"},{"ancestorTitles":["RoleGuard"],"duration":7,"failing":false,"failureDetails":[],"failureMessages":[],"fullName":"RoleGuard redirects to unauthorized when role is not allowed","invocations":1,"location":null,"numPassingAsserts":1,"retryReasons":[],"startAt":1776351657844,"status":"passed","title":"redirects to unauthorized when role is not allowed"},{"ancestorTitles":["RoleGuard"],"duration":6,"failing":false,"failureDetails":[],"failureMessages":[],"fullName":"RoleGuard renders outlet when role is allowed","invocations":1,"location":null,"numPassingAsserts":1,"retryReasons":[],"startAt":1776351657851,"status":"passed","title":"renders outlet when role is allowed"}],"endTime":1776351657859,"message":"","name":"F:\\SkillSync\\Frontend\\src\\components\\layout\\RoleGuard.test.tsx","startTime":1776351657520,"status":"passed","summary":""},{"assertionResults":[{"ancestorTitles":["store"],"duration":4,"failing":false,"failureDetails":[],"failureMessages":[],"fullName":"store exposes expected slices and handles dispatches","invocations":1,"location":null,"numPassingAsserts":9,"retryReasons":[],"startAt":1776351658122,"status":"passed","title":"exposes expected slices and handles dispatches"}],"endTime":1776351658129,"message":"","name":"F:\\SkillSync\\Frontend\\src\\store\\index.test.ts","startTime":1776351657872,"status":"passed","summary":""},{"assertionResults":[{"ancestorTitles":["AuthLayout"],"duration":11,"failing":false,"failureDetails":[],"failureMessages":[],"fullName":"AuthLayout renders outlet and theme toggle","invocations":1,"location":null,"numPassingAsserts":2,"retryReasons":[],"startAt":1776351658423,"status":"passed","title":"renders outlet and theme toggle"}],"endTime":1776351658436,"message":"","name":"F:\\SkillSync\\Frontend\\src\\components\\layout\\AuthLayout.test.tsx","startTime":1776351658144,"status":"passed","summary":""},{"assertionResults":[{"ancestorTitles":["App"],"duration":9,"failing":false,"failureDetails":[],"failureMessages":[],"fullName":"App composes providers and renders routes","invocations":1,"location":null,"numPassingAsserts":4,"retryReasons":[],"startAt":1776351658699,"status":"passed","title":"composes providers and renders routes"}],"endTime":1776351658716,"message":"","name":"F:\\SkillSync\\Frontend\\src\\App.test.tsx","startTime":1776351658453,"status":"passed","summary":""},{"assertionResults":[{"ancestorTitles":["dateTime utilities"],"duration":2,"failing":false,"failureDetails":[],"failureMessages":[],"fullName":"dateTime utilities returns empty string for invalid date values","invocations":1,"location":null,"numPassingAsserts":1,"retryReasons":[],"startAt":1776351658945,"status":"passed","title":"returns empty string for invalid date values"},{"ancestorTitles":["dateTime utilities"],"duration":2,"failing":false,"failureDetails":[],"failureMessages":[],"fullName":"dateTime utilities formats valid dates with date and time separator","invocations":1,"location":null,"numPassingAsserts":2,"retryReasons":[],"startAt":1776351658948,"status":"passed","title":"formats valid dates with date and time separator"},{"ancestorTitles":["dateTime utilities"],"duration":1,"failing":false,"failureDetails":[],"failureMessages":[],"fullName":"dateTime utilities formats standard 24h clock values to 12h","invocations":1,"location":null,"numPassingAsserts":3,"retryReasons":[],"startAt":1776351658951,"status":"passed","title":"formats standard 24h clock values to 12h"},{"ancestorTitles":["dateTime utilities"],"duration":6,"failing":false,"failureDetails":[],"failureMessages":[],"fullName":"dateTime utilities clamps minutes and normalizes negative hours","invocations":1,"location":null,"numPassingAsserts":1,"retryReasons":[],"startAt":1776351658953,"status":"passed","title":"clamps minutes and normalizes negative hours"},{"ancestorTitles":["dateTime utilities"],"duration":1,"failing":false,"failureDetails":[],"failureMessages":[],"fullName":"dateTime utilities returns original value when clock value is not parseable","invocations":1,"location":null,"numPassingAsserts":1,"retryReasons":[],"startAt":1776351658960,"status":"passed","title":"returns original value when clock value is not parseable"}],"endTime":1776351658963,"message":"","name":"F:\\SkillSync\\Frontend\\src\\utils\\dateTime.test.ts","startTime":1776351658730,"status":"passed","summary":""},{"assertionResults":[{"ancestorTitles":["notificationService"],"duration":3,"failing":false,"failureDetails":[],"failureMessages":[],"fullName":"notificationService gets notifications and unread notifications","invocations":1,"location":null,"numPassingAsserts":3,"retryReasons":[],"startAt":1776351659314,"status":"passed","title":"gets notifications and unread notifications"},{"ancestorTitles":["notificationService"],"duration":2,"failing":false,"failureDetails":[],"failureMessages":[],"fullName":"notificationService gets unread count with default fallback","invocations":1,"location":null,"numPassingAsserts":2,"retryReasons":[],"startAt":1776351659318,"status":"passed","title":"gets unread count with default fallback"},{"ancestorTitles":["notificationService"],"duration":1,"failing":false,"failureDetails":[],"failureMessages":[],"fullName":"notificationService marks as read and falls back to alternate endpoint when primary fails","invocations":1,"location":null,"numPassingAsserts":2,"retryReasons":[],"startAt":1776351659321,"status":"passed","title":"marks as read and falls back to alternate endpoint when primary fails"},{"ancestorTitles":["notificationService"],"duration":8,"failing":false,"failureDetails":[],"failureMessages":[],"fullName":"notificationService clears notifications using direct endpoint and fallback deletion","invocations":1,"location":null,"numPassingAsserts":4,"retryReasons":[],"startAt":1776351659323,"status":"passed","title":"clears notifications using direct endpoint and fallback deletion"},{"ancestorTitles":["notificationService"],"duration":3,"failing":false,"failureDetails":[],"failureMessages":[],"fullName":"notificationService subscribes, handles websocket notifications, parse errors, and disconnects","invocations":1,"location":null,"numPassingAsserts":6,"retryReasons":[],"startAt":1776351659331,"status":"passed","title":"subscribes, handles websocket notifications, parse errors, and disconnects"},{"ancestorTitles":["notificationService"],"duration":2,"failing":false,"failureDetails":[],"failureMessages":[],"fullName":"notificationService reuses active websocket connection when multiple listeners subscribe","invocations":1,"location":null,"numPassingAsserts":1,"retryReasons":[],"startAt":1776351659335,"status":"passed","title":"reuses active websocket connection when multiple listeners subscribe"}],"endTime":1776351659339,"message":"","name":"F:\\SkillSync\\Frontend\\src\\services\\notificationService.test.ts","startTime":1776351658983,"status":"passed","summary":""},{"assertionResults":[{"ancestorTitles":["sessionService"],"duration":3,"failing":false,"failureDetails":[],"failureMessages":[],"fullName":"sessionService gets learner sessions with status filter and pagination","invocations":1,"location":null,"numPassingAsserts":1,"retryReasons":[],"startAt":1776351659586,"status":"passed","title":"gets learner sessions with status filter and pagination"},{"ancestorTitles":["sessionService"],"duration":1,"failing":false,"failureDetails":[],"failureMessages":[],"fullName":"sessionService gets mentor sessions with pagination","invocations":1,"location":null,"numPassingAsserts":1,"retryReasons":[],"startAt":1776351659590,"status":"passed","title":"gets mentor sessions with pagination"},{"ancestorTitles":["sessionService"],"duration":1,"failing":false,"failureDetails":[],"failureMessages":[],"fullName":"sessionService gets session by id","invocations":1,"location":null,"numPassingAsserts":2,"retryReasons":[],"startAt":1776351659592,"status":"passed","title":"gets session by id"},{"ancestorTitles":["sessionService"],"duration":2,"failing":false,"failureDetails":[],"failureMessages":[],"fullName":"sessionService creates a session","invocations":1,"location":null,"numPassingAsserts":2,"retryReasons":[],"startAt":1776351659594,"status":"passed","title":"creates a session"},{"ancestorTitles":["sessionService"],"duration":2,"failing":false,"failureDetails":[],"failureMessages":[],"fullName":"sessionService maps update action endpoint based on status","invocations":1,"location":null,"numPassingAsserts":3,"retryReasons":[],"startAt":1776351659596,"status":"passed","title":"maps update action endpoint based on status"},{"ancestorTitles":["sessionService"],"duration":2,"failing":false,"failureDetails":[],"failureMessages":[],"fullName":"sessionService uses convenience wrappers for cancel, accept and reject","invocations":1,"location":null,"numPassingAsserts":3,"retryReasons":[],"startAt":1776351659599,"status":"passed","title":"uses convenience wrappers for cancel, accept and reject"}],"endTime":1776351659603,"message":"","name":"F:\\SkillSync\\Frontend\\src\\services\\sessionService.test.ts","startTime":1776351659353,"status":"passed","summary":""},{"assertionResults":[{"ancestorTitles":["userService"],"duration":2,"failing":false,"failureDetails":[],"failureMessages":[],"fullName":"userService gets current user profile","invocations":1,"location":null,"numPassingAsserts":2,"retryReasons":[],"startAt":1776351659839,"status":"passed","title":"gets current user profile"},{"ancestorTitles":["userService"],"duration":2,"failing":false,"failureDetails":[],"failureMessages":[],"fullName":"userService gets user by id","invocations":1,"location":null,"numPassingAsserts":2,"retryReasons":[],"startAt":1776351659843,"status":"passed","title":"gets user by id"},{"ancestorTitles":["userService"],"duration":2,"failing":false,"failureDetails":[],"failureMessages":[],"fullName":"userService updates profile","invocations":1,"location":null,"numPassingAsserts":2,"retryReasons":[],"startAt":1776351659846,"status":"passed","title":"updates profile"},{"ancestorTitles":["userService"],"duration":1,"failing":false,"failureDetails":[],"failureMessages":[],"fullName":"userService deactivates account","invocations":1,"location":null,"numPassingAsserts":1,"retryReasons":[],"startAt":1776351659849,"status":"passed","title":"deactivates account"}],"endTime":1776351659853,"message":"","name":"F:\\SkillSync\\Frontend\\src\\services\\userService.test.ts","startTime":1776351659616,"status":"passed","summary":""},{"assertionResults":[{"ancestorTitles":["queryClient"],"duration":2,"failing":false,"failureDetails":[],"failureMessages":[],"fullName":"queryClient uses expected default query options","invocations":1,"location":null,"numPassingAsserts":3,"retryReasons":[],"startAt":1776351660119,"status":"passed","title":"uses expected default query options"}],"endTime":1776351660124,"message":"","name":"F:\\SkillSync\\Frontend\\src\\utils\\queryClient.test.ts","startTime":1776351659868,"status":"passed","summary":""},{"assertionResults":[{"ancestorTitles":["reviewService"],"duration":3,"failing":false,"failureDetails":[],"failureMessages":[],"fullName":"reviewService gets paginated review lists from each endpoint","invocations":1,"location":null,"numPassingAsserts":3,"retryReasons":[],"startAt":1776351660421,"status":"passed","title":"gets paginated review lists from each endpoint"},{"ancestorTitles":["reviewService"],"duration":1,"failing":false,"failureDetails":[],"failureMessages":[],"fullName":"reviewService gets single review by id","invocations":1,"location":null,"numPassingAsserts":2,"retryReasons":[],"startAt":1776351660425,"status":"passed","title":"gets single review by id"},{"ancestorTitles":["reviewService"],"duration":2,"failing":false,"failureDetails":[],"failureMessages":[],"fullName":"reviewService creates and updates reviews","invocations":1,"location":null,"numPassingAsserts":3,"retryReasons":[],"startAt":1776351660427,"status":"passed","title":"creates and updates reviews"},{"ancestorTitles":["reviewService"],"duration":2,"failing":false,"failureDetails":[],"failureMessages":[],"fullName":"reviewService deletes review and gets mentor summary","invocations":1,"location":null,"numPassingAsserts":3,"retryReasons":[],"startAt":1776351660430,"status":"passed","title":"deletes review and gets mentor summary"}],"endTime":1776351660434,"message":"","name":"F:\\SkillSync\\Frontend\\src\\services\\reviewService.test.ts","startTime":1776351660137,"status":"passed","summary":""}],"wasInterrupted":false}
